[2026-05-10 19:56:13] [INFO] Backup started
[2026-05-10 19:56:13] [INFO] Archiving /home/ghostik/Obsidian Vaults
[2026-05-10 19:56:13] [INFO] Archiving /home/ghostik/Games/Saves
[2026-05-10 19:56:13] [INFO] Uploading /home/ghostik/Backup/temp/Obsidian Vaults_2026-05-10_19-56-13.tar.zst
[2026-05-10 19:56:13] [INFO] Uploading /home/ghostik/Backup/temp/Saves_2026-05-10_19-56-13.tar.zst
2026/05/10 19:56:32 INFO  : Obsidian Vaults_2026-05-10_19-56-13.tar.zst: Copied (new)
2026/05/10 19:56:32 INFO  :     6.744 MiB / 6.744 MiB, 100%, 6.743 MiB/s, ETA 0s
2026/05/10 19:56:38 INFO  : Saves_2026-05-10_19-56-13.tar.zst: Copied (new)
2026/05/10 19:56:38 INFO  :    69.909 MiB / 69.909 MiB, 100%, 11.651 MiB/s, ETA 0s
[2026-05-10 19:56:38] [INFO] Syncing /home/ghostik/Pictures
2026/05/10 19:56:43 INFO  : musasi.jpg: Copied (new)
2026/05/10 19:56:45 INFO  : Screenshots/FastFetch.png: Copied (new)
2026/05/10 19:56:45 INFO  : musasi (Edited).jpg: Copied (new)
2026/05/10 19:56:45 INFO  : Icons/zen-browser-dark.svg: Copied (new)
2026/05/10 19:56:46 INFO  : Meme/michail.jpg: Copied (new)
2026/05/10 19:56:46 INFO  : Meme/michail.png: Copied (new)
2026/05/10 19:56:47 INFO  : Meme/michail2.jpg: Copied (new)
2026/05/10 19:56:47 INFO  : Meme/michail3.jpg: Copied (new)
2026/05/10 19:56:48 INFO  : Meme/michail4.jpg: Copied (new)
2026/05/10 19:56:48 INFO  : Meme/michail5.jpg: Copied (new)
2026/05/10 19:56:49 INFO  : Meme/michail_papich.jpg: Copied (new)
2026/05/10 19:56:50 INFO  : Wallpapers/MegumiAndMahoraga.png: Copied (new)
2026/05/10 19:56:50 INFO  : Wallpapers/DendgiAndAki.jpg: Copied (new)
2026/05/10 19:56:51 INFO  : Wallpapers/ChainSawManDarkFear.png: Copied (new)
2026/05/10 19:56:52 INFO  : Wallpapers/NightJapanVillage.jpg: Copied (new)
2026/05/10 19:56:52 INFO  : Wallpapers/chert_s_sharikom.png: Copied (new)
2026/05/10 19:56:53 INFO  : Wallpapers/chert_s_sharom2.jpg: Copied (new)
2026/05/10 19:56:53 INFO  : Wallpapers/Yuta.png: Copied (new)
2026/05/10 19:56:55 INFO  : Wallpapers/dorohedoro.png: Copied (new)
2026/05/10 19:56:55 INFO  : Wallpapers/higuruma.png: Copied (new)
2026/05/10 19:56:55 INFO  : Wallpapers/reze.jpg: Copied (new)
2026/05/10 19:56:56 INFO  : Wallpapers/reze.png: Copied (new)
2026/05/10 19:56:57 INFO  : Wallpapers/sword.png: Copied (new)
2026/05/10 19:56:58 INFO  : Wallpapers/uro.png: Copied (new)
2026/05/10 19:56:59 INFO  : Wallpapers/yuta_rika.png: Copied (new)
2026/05/10 19:57:00 INFO  : Screenshots: Set directory modification time (using DirSetModTime)
2026/05/10 19:57:00 INFO  : Icons: Set directory modification time (using DirSetModTime)
2026/05/10 19:57:00 INFO  : Wallpapers: Set directory modification time (using DirSetModTime)
2026/05/10 19:57:00 INFO  : Meme: Set directory modification time (using DirSetModTime)
2026/05/10 19:57:00 INFO  :    66.351 MiB / 66.351 MiB, 100%, 3.683 MiB/s, ETA 0s
[2026-05-10 19:57:00] [INFO] Syncing /home/ghostik/Somethings
2026/05/10 19:57:05 INFO  : .directory: Copied (new)
2026/05/10 19:57:06 INFO  : npm-recovery-key/npm_recovery_codes.txt: Copied (new)
2026/05/10 19:57:32 INFO  :         370 B / 20.094 KiB, 2%, 9 B/s, ETA 35m56s
2026/05/10 19:57:40 INFO  : Tokens/Token for ProtonVPN/proton_2FA_recovery_codes.txt: Copied (new)
2026/05/10 19:57:41 INFO  : Tokens/Token for FireFox/karenheister5@gmail.com Backup authentication codes.txt: Copied (new)
2026/05/10 19:57:41 INFO  : Tokens/Token for FireFox/Mozilla-Recovery-Key_2025-12-11_karenheister5@gmail.com.pdf: Copied (new)
2026/05/10 19:57:42 INFO  : Tokens/Token for FireFox: Set directory modification time (using DirSetModTime)
2026/05/10 19:57:42 INFO  : Tokens/Token for ProtonVPN: Set directory modification time (using DirSetModTime)
2026/05/10 19:57:42 INFO  : npm-recovery-key: Set directory modification time (using DirSetModTime)
2026/05/10 19:57:42 INFO  : Tokens: Set directory modification time (using DirSetModTime)
2026/05/10 19:57:42 INFO  :    20.094 KiB / 20.094 KiB, 100%, 1.237 KiB/s, ETA 0s
[2026-05-10 19:57:42] [INFO] Syncing /home/ghostik/Univer
2026/05/10 19:57:47 INFO  : .directory: Copied (new)
2026/05/10 19:57:49 INFO  : Диплом_Курсач_Практика/Курсач 3 курс/Курсач 3 курс.pptx: Copied (new)
2026/05/10 19:57:49 INFO  : Диплом_Курсач_Практика/Курсач 3 курс/Курсач 3 курс.docx: Copied (new)
2026/05/10 19:57:50 INFO  : Диплом_Курсач_Практика/Диплом/Diplom.docx: Copied (new)
2026/05/10 19:57:50 INFO  : Диплом_Курсач_Практика/Диплом/Задание на ВКР.pdf: Copied (new)
2026/05/10 19:57:50 INFO  : Диплом_Курсач_Практика/Диплом/Заявление на ВКР.pdf: Copied (new)
2026/05/10 19:57:51 INFO  : Диплом_Курсач_Практика/Диплом/Методичка.doc: Copied (new)
2026/05/10 19:57:52 INFO  : Диплом_Курсач_Практика/Диплом/Речь Акобян Карен 4 курс ИС-1.docx: Copied (new)
2026/05/10 19:57:52 INFO  : Диплом_Курсач_Практика/Диплом/Ссылки на похожие проекты (диплом)_.docx: Copied (new)
2026/05/10 19:57:52 INFO  : Диплом_Курсач_Практика/Диплом/шаблон презентации.pptx: Copied (new)
2026/05/10 19:57:53 INFO  : Диплом_Курсач_Практика/Диплом/Презентация Акообян Карен 4 курс ИС-1.pptx: Copied (new)
2026/05/10 19:57:55 INFO  : Диплом_Курсач_Практика/Практика/Практика 4 курс/Дневник практики.docx: Copied (new)
2026/05/10 19:57:55 INFO  : Диплом_Курсач_Практика/Практика/Практика 4 курс/Оценочный лист1.docx: Copied (new)
2026/05/10 19:57:55 INFO  : Диплом_Курсач_Практика/Практика/Практика 4 курс/Индивидуальное задание.docx: Copied (new)
2026/05/10 19:57:55 INFO  : Диплом_Курсач_Практика/Практика/Практика 4 курс/Отчёт.docx: Copied (new)
2026/05/10 19:57:56 INFO  : Диплом_Курсач_Практика/Практика/Практика 4 курс/Практика Договор 01.09.2025-28.09.2025.docx: Copied (new)
2026/05/10 19:57:56 INFO  : Диплом_Курсач_Практика/Практика/Практика 4 курс/Практика Заявление студента 01.09.2025-28.09.2025.docx: Copied (new)
2026/05/10 19:57:56 INFO  : Диплом_Курсач_Практика/Практика/Практика 4 курс/Практика ОБРАЗЕЦ_ГАРАНТИЙНОГО_ПИСЬМА_01.09.2025-28.09.2025.docx: Copied (new)
2026/05/10 19:57:56 INFO  : Диплом_Курсач_Практика/Практика/Практика 4 курс/Статья.docx: Copied (new)
2026/05/10 19:57:58 INFO  : Диплом_Курсач_Практика/Практика/Практика 4 курс/Характеристика.docx: Copied (new)
2026/05/10 19:57:58 INFO  : Диплом_Курсач_Практика/Диплом/Указания Стогановой/МетодическиеУказания для ВКР и КР (Строганова).doc: Copied (new)
2026/05/10 19:57:58 INFO  : Диплом_Курсач_Практика/Практика/Практика 4 курс/контрольный_лист_инструктажа.docx: Copied (new)
2026/05/10 19:57:59 INFO  : Диплом_Курсач_Практика/Диплом/Указания Стогановой/Учебно-методические указания для ВКР, диссетраций.pdf: Copied (new)
2026/05/10 19:58:00 INFO  : Диплом_Курсач_Практика/Практика/Практика 3 курс, 2 семестр/Дневник практики.docx: Copied (new)
2026/05/10 19:58:01 INFO  : Диплом_Курсач_Практика/Диплом/Шаблоны Диссерт ВКР КР/Доклад.docx: Copied (new)
2026/05/10 19:58:01 INFO  : Диплом_Курсач_Практика/Практика/Практика 3 курс, 2 семестр/Договор 2025.docx: Copied (new)
2026/05/10 19:58:01 INFO  : Диплом_Курсач_Практика/Практика/Практика 3 курс, 2 семестр/Заявление студента.docx: Copied (new)
2026/05/10 19:58:02 INFO  : Диплом_Курсач_Практика/Диплом/Шаблоны Диссерт ВКР КР/Заготовка Диссертация магистра.docx: Copied (new)
2026/05/10 19:58:03 INFO  : Диплом_Курсач_Практика/Диплом/Шаблоны Диссерт ВКР КР/Заготовка для КР.docx: Copied (new)
2026/05/10 19:58:03 INFO  : Диплом_Курсач_Практика/Практика/Практика 3 курс, 2 семестр/Индивидуальное задание.docx: Copied (new)
2026/05/10 19:58:03 INFO  : Диплом_Курсач_Практика/Практика/Практика 3 курс, 2 семестр/ОБРАЗЕЦ_ГАРАНТИЙНОГО_ПИСЬМА.docx: Copied (new)
2026/05/10 19:58:03 INFO  : Диплом_Курсач_Практика/Практика/Практика 3 курс, 2 семестр/Отчёт.docx: Copied (new)
2026/05/10 19:58:04 INFO  : Диплом_Курсач_Практика/Практика/Практика 3 курс, 2 семестр/контрольный_лист_инструктажа.docx: Copied (new)
2026/05/10 19:58:14 INFO  :    36.950 MiB / 113.113 MiB, 33%, 986.400 KiB/s, ETA 1m19s (xfr#33/63)
2026/05/10 19:58:39 INFO  : Диплом_Курсач_Практика/Диплом/Примеры работ/Кожушкова.docx: Copied (new)
2026/05/10 19:58:40 INFO  : Диплом_Курсач_Практика/Диплом/Примеры работ/Пример магистерской.pdf: Copied (new)
2026/05/10 19:58:41 INFO  : Диплом_Курсач_Практика/Практика/Практика 3 курс, 2 семестр/Оценочный лист1.docx: Copied (new)
2026/05/10 19:58:41 INFO  : Диплом_Курсач_Практика/Практика/Практика 3 курс, 2 семестр/Характеристика.docx: Copied (new)
2026/05/10 19:58:44 INFO  :    48.884 MiB / 116.189 MiB, 42%, 767.536 KiB/s, ETA 1m29s (xfr#37/63)
2026/05/10 19:58:45 INFO  : Диплом_Курсач_Практика/Практика/Практика 4 курс/Practice2/Акобян Карен Индивидуальное задание.docx: Copied (new)
2026/05/10 19:58:45 INFO  : Диплом_Курсач_Практика/Практика/Практика 4 курс/Practice2/Акобян Карен Отчёт.docx: Copied (new)
2026/05/10 19:58:45 INFO  : Диплом_Курсач_Практика/Диплом/Примеры работ/Ковалев.docx: Copied (new)
2026/05/10 19:58:45 INFO  : Диплом_Курсач_Практика/Практика/Практика 4 курс/Practice2/Акобян Карен Дневник практики.docx: Copied (new)
2026/05/10 19:58:46 INFO  : Диплом_Курсач_Практика/Практика/Практика 4 курс/Practice2/Акобян Карен Оценочный лист1.docx: Copied (new)
2026/05/10 19:58:48 INFO  : Диплом_Курсач_Практика/Практика/Практика 4 курс/Practice2/Акобян Карен Характеристика.docx: Copied (new)
2026/05/10 19:58:48 INFO  : Диплом_Курсач_Практика/Практика/Практика 4 курс/Practice2/Акобян Карен контрольный_лист_инструктажа.docx: Copied (new)
2026/05/10 19:58:48 INFO  : Диплом_Курсач_Практика/Диплом/Примеры работ/ВКР ИС ПРЕЗЕНТАЦИИ магистерские/Андрусенко.pptx: Copied (new)
2026/05/10 19:58:48 INFO  : Диплом_Курсач_Практика/Диплом/Примеры работ/ВКР ИС ПРЕЗЕНТАЦИИ магистерские/Арсеньев.pptx: Copied (new)
2026/05/10 19:58:49 INFO  : Диплом_Курсач_Практика/Диплом/Примеры работ/ВКР ИС ПРЕЗЕНТАЦИИ магистерские/Баранов.pptx: Copied (new)
2026/05/10 19:58:49 INFO  : Диплом_Курсач_Практика/Диплом/Примеры работ/ВКР ИС ПРЕЗЕНТАЦИИ магистерские/Беслан Гучинов.pptx: Copied (new)
2026/05/10 19:58:50 INFO  : Диплом_Курсач_Практика/Диплом/Примеры работ/ВКР ИС ПРЕЗЕНТАЦИИ магистерские/Гудимов.pptx: Copied (new)
2026/05/10 19:58:50 INFO  : Диплом_Курсач_Практика/Диплом/Примеры работ/ВКР ИС ПРЕЗЕНТАЦИИ магистерские/Ермоленко.ptx: Copied (new)
2026/05/10 19:58:51 INFO  : Диплом_Курсач_Практика/Диплом/Примеры работ/ВКР ИС ПРЕЗЕНТАЦИИ магистерские/Карагишиев.pptx: Copied (new)
2026/05/10 19:58:51 INFO  : Диплом_Курсач_Практика/Диплом/Примеры работ/ВКР ИС ПРЕЗЕНТАЦИИ магистерские/Конрат.pptx: Copied (new)
2026/05/10 19:58:52 INFO  : Диплом_Курсач_Практика/Диплом/Примеры работ/ВКР ИС ПРЕЗЕНТАЦИИ магистерские/Мишурин.pptx: Copied (new)
2026/05/10 19:58:52 INFO  : Диплом_Курсач_Практика/Диплом/Примеры работ/ВКР ИС ПРЕЗЕНТАЦИИ магистерские/Левченко.pptx: Copied (new)
2026/05/10 19:58:53 INFO  : Диплом_Курсач_Практика/Диплом/Примеры работ/ВКР ИС ПРЕЗЕНТАЦИИ магистерские/Нассонов.pptx: Copied (new)
2026/05/10 19:58:53 INFO  : Диплом_Курсач_Практика/Диплом/Примеры работ/ВКР ИС ПРЕЗЕНТАЦИИ магистерские/Васильев.pptx: Copied (new)
2026/05/10 19:58:53 INFO  : Диплом_Курсач_Практика/Диплом/Примеры работ/ВКР ИС ПРЕЗЕНТАЦИИ магистерские/Охрименко.pptx: Copied (new)
2026/05/10 19:58:54 INFO  : Диплом_Курсач_Практика/Диплом/Примеры работ/ВКР ИС ПРЕЗЕНТАЦИИ магистерские/Ронянский.pptx: Copied (new)
2026/05/10 19:58:54 INFO  : Диплом_Курсач_Практика/Диплом/Примеры работ/ВКР ИС ПРЕЗЕНТАЦИИ магистерские/Слесарев.pptx: Copied (new)
2026/05/10 19:58:54 INFO  : Диплом_Курсач_Практика/Диплом/Примеры работ/ВКР ИС ПРЕЗЕНТАЦИИ магистерские/Стрижаков.pptx: Copied (new)
2026/05/10 19:58:55 INFO  : Диплом_Курсач_Практика/Диплом/Примеры работ/ВКР ИС ПРЕЗЕНТАЦИИ магистерские/Сутягин.pptx: Copied (new)
2026/05/10 19:58:55 INFO  : Диплом_Курсач_Практика/Диплом/Примеры работ/ВКР ИС ПРЕЗЕНТАЦИИ магистерские/Черненко.pptx: Copied (new)
2026/05/10 19:58:55 INFO  : Диплом_Курсач_Практика/Диплом/Примеры работ/ВКР ИС ПРЕЗЕНТАЦИИ магистерские/Щербак.pptx: Copied (new)
2026/05/10 19:58:56 INFO  : Диплом_Курсач_Практика/Практика/Практика 4 курс/Practice2: Set directory modification time (using DirSetModTime)
2026/05/10 19:58:56 INFO  : Диплом_Курсач_Практика/Диплом/Примеры работ/ВКР ИС ПРЕЗЕНТАЦИИ магистерские: Set directory modification time (using DirSetModTime)
2026/05/10 19:58:56 INFO  : Диплом_Курсач_Практика/Диплом/Примеры работ: Set directory modification time (using DirSetModTime)
2026/05/10 19:58:56 INFO  : Диплом_Курсач_Практика/Диплом/Шаблоны Диссерт ВКР КР: Set directory modification time (using DirSetModTime)
2026/05/10 19:58:56 INFO  : Диплом_Курсач_Практика/Практика/Практика 4 курс: Set directory modification time (using DirSetModTime)
2026/05/10 19:58:56 INFO  : Диплом_Курсач_Практика/Практика/Практика 3 курс, 2 семестр: Set directory modification time (using DirSetModTime)
2026/05/10 19:58:56 INFO  : Диплом_Курсач_Практика/Диплом/Указания Стогановой: Set directory modification time (using DirSetModTime)
2026/05/10 19:58:57 INFO  : Диплом_Курсач_Практика/Практика: Set directory modification time (using DirSetModTime)
2026/05/10 19:58:57 INFO  : Диплом_Курсач_Практика/Курсач 3 курс: Set directory modification time (using DirSetModTime)
2026/05/10 19:58:57 INFO  : Диплом_Курсач_Практика/Диплом: Set directory modification time (using DirSetModTime)
2026/05/10 19:58:57 INFO  : Диплом_Курсач_Практика: Set directory modification time (using DirSetModTime)
2026/05/10 19:58:57 INFO  :   116.189 MiB / 116.189 MiB, 100%, 3.560 MiB/s, ETA 0s
[2026-05-10 19:58:57] [INFO] Retention cleanup (keep last 30 days)
[2026-05-10 19:58:58] [INFO] === SUMMARY ===
[2026-05-10 19:58:58] [INFO] Archives: 2
[2026-05-10 19:58:58] [INFO] Syncs:    3
[2026-05-10 19:58:58] [INFO] Date:     2026-05-10_19-56-13
[2026-05-10 19:58:58] [INFO] DONE
