    OpenRGB v0.9+ (1.0rc2)
    Commit:  from 
    Launched: 20260323_205140
====================================================================================================

53    |Info:    [ResourceManager] Saving detector settings
54    |Info:    [ResourceManager] Initializing HID interfaces: Success
54    |Info:    ------------------------------------------------------
54    |Info:    |               Start device detection               |
54    |Info:    ------------------------------------------------------
64    |Info:    ------------------------------------------------------
64    |Info:    |             Detecting I2C interfaces               |
64    |Info:    ------------------------------------------------------
64    |Info:    [ResourceManager] Registering I2C interface: /dev/i2c-3 Device 1002:67DF Subsystem: 1DA2:E366
64    |Info:    [ResourceManager] Registering I2C interface: /dev/i2c-1 Device 1002:67DF Subsystem: 1DA2:E366
64    |Warning: [i2c_smbus_linux] Failed to read i2c device PCI device ID
64    |Info:    [ResourceManager] Registering I2C interface: /dev/i2c-6 Device 0000:0000 Subsystem: 0000:0000
64    |Info:    [ResourceManager] Registering I2C interface: /dev/i2c-4 Device 1002:67DF Subsystem: 1DA2:E366
64    |Info:    [ResourceManager] Registering I2C interface: /dev/i2c-2 Device 1002:67DF Subsystem: 1DA2:E366
64    |Info:    [ResourceManager] Registering I2C interface: /dev/i2c-0 Device 1002:67DF Subsystem: 1DA2:E366
64    |Warning: [i2c_smbus_linux] Failed to read i2c device PCI device ID
64    |Info:    [ResourceManager] Registering I2C interface: /dev/i2c-7 Device 0000:0000 Subsystem: 0000:0000
64    |Info:    [ResourceManager] Registering I2C interface: /dev/i2c-5 Device 1002:67DF Subsystem: 1DA2:E366
64    |Info:    ------------------------------------------------------
64    |Info:    |               Detecting I2C devices                |
64    |Info:    ------------------------------------------------------
73    |Info:    ------------------------------------------------------
73    |Info:    |            Detecting I2C DIMM modules              |
73    |Info:    ------------------------------------------------------
73    |Info:    ------------------------------------------------------
73    |Info:    |               Detecting I2C PCI devices            |
73    |Info:    ------------------------------------------------------
108   |Info:    [Sapphire Radeon RX 570/580/590 Nitro+] Registering RGB controller
109   |Info:    ------------------------------------------------------
109   |Info:    |               Detecting HID devices                |
109   |Info:    ------------------------------------------------------
257   |Info:    [B550M DS3H] Registering RGB controller
307   |Info:    Detected WinbondGamingKeyboard at /dev/hidraw2, product_string is Gaming Keyboard name is Winbond Gaming Keyboard
309   |Info:    [KLM] Created new Full 104 key ISO QWERTY with 6 rows and 21 columns containing 109 keys
309   |Info:    [Gaming Keyboard] Registering RGB controller
309   |Info:    ------------------------------------------------------
309   |Info:    |            Detecting libusb HID devices            |
309   |Info:    ------------------------------------------------------
345   |Info:    ------------------------------------------------------
345   |Info:    |              Detecting other devices               |
345   |Info:    ------------------------------------------------------
358   |Info:    [ResourceManager] Calling Post-detection callbacks
358   |Info:    ------------------------------------------------------
358   |Info:    |                Detection completed                 |
358   |Info:    ------------------------------------------------------
29883 |Info:    [ProfileManager] Found file: Black.orp attempting to validate header
29883 |Info:    [ProfileManager] Valid v5 profile found for Black
49824 |Info:    [ProfileManager] Found file: Black.orp attempting to validate header
49824 |Info:    [ProfileManager] Valid v5 profile found for Black
49824 |Info:    [ProfileManager] Found file: Blue.orp attempting to validate header
49824 |Info:    [ProfileManager] Valid v5 profile found for Blue
