    OpenRGB v0.9+ (1.0rc2)
    Commit:  from 
    Launched: 20260324_095322
====================================================================================================

2     |Info:    [ProfileManager] Found file: Black.orp attempting to validate header
3     |Info:    [ProfileManager] Valid v5 profile found for Black
3     |Info:    [ProfileManager] Found file: Blue.orp attempting to validate header
3     |Info:    [ProfileManager] Valid v5 profile found for Blue
76    |Info:    [ResourceManager] Initializing HID interfaces: Success
76    |Info:    ------------------------------------------------------
76    |Info:    |               Start device detection               |
76    |Info:    ------------------------------------------------------
91    |Info:    ------------------------------------------------------
91    |Info:    |             Detecting I2C interfaces               |
91    |Info:    ------------------------------------------------------
91    |Info:    [ResourceManager] Registering I2C interface: /dev/i2c-3 Device 1002:67DF Subsystem: 1DA2:E366
91    |Info:    [ResourceManager] Registering I2C interface: /dev/i2c-1 Device 1002:67DF Subsystem: 1DA2:E366
91    |Warning: [i2c_smbus_linux] Failed to read i2c device PCI device ID
91    |Info:    [ResourceManager] Registering I2C interface: /dev/i2c-6 Device 0000:0000 Subsystem: 0000:0000
91    |Info:    [ResourceManager] Registering I2C interface: /dev/i2c-4 Device 1002:67DF Subsystem: 1DA2:E366
91    |Info:    [ResourceManager] Registering I2C interface: /dev/i2c-2 Device 1002:67DF Subsystem: 1DA2:E366
92    |Info:    [ResourceManager] Registering I2C interface: /dev/i2c-0 Device 1002:67DF Subsystem: 1DA2:E366
92    |Warning: [i2c_smbus_linux] Failed to read i2c device PCI device ID
92    |Info:    [ResourceManager] Registering I2C interface: /dev/i2c-7 Device 0000:0000 Subsystem: 0000:0000
92    |Info:    [ResourceManager] Registering I2C interface: /dev/i2c-5 Device 1002:67DF Subsystem: 1DA2:E366
92    |Info:    ------------------------------------------------------
92    |Info:    |               Detecting I2C devices                |
92    |Info:    ------------------------------------------------------
103   |Info:    ------------------------------------------------------
103   |Info:    |            Detecting I2C DIMM modules              |
103   |Info:    ------------------------------------------------------
103   |Info:    ------------------------------------------------------
103   |Info:    |               Detecting I2C PCI devices            |
103   |Info:    ------------------------------------------------------
139   |Info:    [Sapphire Radeon RX 570/580/590 Nitro+] Registering RGB controller
141   |Info:    ------------------------------------------------------
141   |Info:    |               Detecting HID devices                |
141   |Info:    ------------------------------------------------------
291   |Info:    [B550M DS3H] Registering RGB controller
341   |Info:    Detected WinbondGamingKeyboard at /dev/hidraw2, product_string is Gaming Keyboard name is Winbond Gaming Keyboard
344   |Info:    [KLM] Created new Full 104 key ISO QWERTY with 6 rows and 21 columns containing 109 keys
344   |Info:    [Gaming Keyboard] Registering RGB controller
344   |Info:    ------------------------------------------------------
344   |Info:    |            Detecting libusb HID devices            |
344   |Info:    ------------------------------------------------------
3035  |Info:    ------------------------------------------------------
3035  |Info:    |              Detecting other devices               |
3035  |Info:    ------------------------------------------------------
3051  |Info:    [ResourceManager] Calling Post-detection callbacks
3051  |Info:    ------------------------------------------------------
3051  |Info:    |                Detection completed                 |
3051  |Info:    ------------------------------------------------------
3052  |Info:    [ProfileManager] Profile loading: Succeeded for Sapphire Radeon RX 570/580/590 Nitro+ @ I2C: /dev/i2c-0, address 0x55
3052  |Info:    [ProfileManager] Profile loading: Succeeded for B550M DS3H @ HID: /dev/hidraw5
3052  |Info:    [ProfileManager] Profile loading: Succeeded for Gaming Keyboard @ HID: /dev/hidraw2
