    OpenRGB v0.9+ (1.0rc2)
    Commit:  from 
    Launched: 20260324_151337
====================================================================================================

0     |Info:    [ProfileManager] Found file: Blue.orp attempting to validate header
0     |Info:    [ProfileManager] Valid v5 profile found for Blue
0     |Info:    [ProfileManager] Found file: Black.orp attempting to validate header
0     |Info:    [ProfileManager] Valid v5 profile found for Black
52    |Info:    [ResourceManager] Initializing HID interfaces: Success
52    |Info:    ------------------------------------------------------
52    |Info:    |               Start device detection               |
52    |Info:    ------------------------------------------------------
66    |Info:    ------------------------------------------------------
66    |Info:    |             Detecting I2C interfaces               |
66    |Info:    ------------------------------------------------------
66    |Info:    [ResourceManager] Registering I2C interface: /dev/i2c-3 Device 1002:67DF Subsystem: 1DA2:E366
67    |Info:    [ResourceManager] Registering I2C interface: /dev/i2c-1 Device 1002:67DF Subsystem: 1DA2:E366
67    |Warning: [i2c_smbus_linux] Failed to read i2c device PCI device ID
67    |Info:    [ResourceManager] Registering I2C interface: /dev/i2c-6 Device 0000:0000 Subsystem: 0000:0000
67    |Info:    [ResourceManager] Registering I2C interface: /dev/i2c-4 Device 1002:67DF Subsystem: 1DA2:E366
67    |Info:    [ResourceManager] Registering I2C interface: /dev/i2c-2 Device 1002:67DF Subsystem: 1DA2:E366
67    |Info:    [ResourceManager] Registering I2C interface: /dev/i2c-0 Device 1002:67DF Subsystem: 1DA2:E366
67    |Warning: [i2c_smbus_linux] Failed to read i2c device PCI device ID
67    |Info:    [ResourceManager] Registering I2C interface: /dev/i2c-7 Device 0000:0000 Subsystem: 0000:0000
67    |Info:    [ResourceManager] Registering I2C interface: /dev/i2c-5 Device 1002:67DF Subsystem: 1DA2:E366
67    |Info:    ------------------------------------------------------
67    |Info:    |               Detecting I2C devices                |
67    |Info:    ------------------------------------------------------
74    |Info:    ------------------------------------------------------
74    |Info:    |            Detecting I2C DIMM modules              |
74    |Info:    ------------------------------------------------------
74    |Info:    ------------------------------------------------------
74    |Info:    |               Detecting I2C PCI devices            |
74    |Info:    ------------------------------------------------------
109   |Info:    [Sapphire Radeon RX 570/580/590 Nitro+] Registering RGB controller
111   |Info:    ------------------------------------------------------
111   |Info:    |               Detecting HID devices                |
111   |Info:    ------------------------------------------------------
206   |Info:    [B550M DS3H] Registering RGB controller
206   |Info:    Detected WinbondGamingKeyboard at /dev/hidraw2, product_string is Gaming Keyboard name is Winbond Gaming Keyboard
209   |Info:    [KLM] Created new Full 104 key ISO QWERTY with 6 rows and 21 columns containing 109 keys
209   |Info:    [Gaming Keyboard] Registering RGB controller
209   |Info:    ------------------------------------------------------
209   |Info:    |            Detecting libusb HID devices            |
209   |Info:    ------------------------------------------------------
245   |Info:    ------------------------------------------------------
245   |Info:    |              Detecting other devices               |
245   |Info:    ------------------------------------------------------
260   |Info:    [ResourceManager] Calling Post-detection callbacks
260   |Info:    ------------------------------------------------------
260   |Info:    |                Detection completed                 |
260   |Info:    ------------------------------------------------------
