    OpenRGB v0.9+ (1.0rc2)
    Commit:  from 
    Launched: 20260324_141153
====================================================================================================

2     |Info:    [ProfileManager] Found file: Blue.orp attempting to validate header
4     |Info:    [ProfileManager] Valid v5 profile found for Blue
4     |Info:    [ProfileManager] Found file: Black.orp attempting to validate header
4     |Info:    [ProfileManager] Valid v5 profile found for Black
108   |Info:    [ResourceManager] Initializing HID interfaces: Success
108   |Info:    ------------------------------------------------------
108   |Info:    |               Start device detection               |
108   |Info:    ------------------------------------------------------
119   |Info:    ------------------------------------------------------
119   |Info:    |             Detecting I2C interfaces               |
119   |Info:    ------------------------------------------------------
119   |Info:    [ResourceManager] Registering I2C interface: /dev/i2c-3 Device 1002:67DF Subsystem: 1DA2:E366
120   |Info:    [ResourceManager] Registering I2C interface: /dev/i2c-1 Device 1002:67DF Subsystem: 1DA2:E366
120   |Warning: [i2c_smbus_linux] Failed to read i2c device PCI device ID
120   |Info:    [ResourceManager] Registering I2C interface: /dev/i2c-6 Device 0000:0000 Subsystem: 0000:0000
120   |Info:    [ResourceManager] Registering I2C interface: /dev/i2c-4 Device 1002:67DF Subsystem: 1DA2:E366
120   |Info:    [ResourceManager] Registering I2C interface: /dev/i2c-2 Device 1002:67DF Subsystem: 1DA2:E366
120   |Info:    [ResourceManager] Registering I2C interface: /dev/i2c-0 Device 1002:67DF Subsystem: 1DA2:E366
120   |Warning: [i2c_smbus_linux] Failed to read i2c device PCI device ID
120   |Info:    [ResourceManager] Registering I2C interface: /dev/i2c-7 Device 0000:0000 Subsystem: 0000:0000
120   |Info:    [ResourceManager] Registering I2C interface: /dev/i2c-5 Device 1002:67DF Subsystem: 1DA2:E366
120   |Info:    ------------------------------------------------------
120   |Info:    |               Detecting I2C devices                |
120   |Info:    ------------------------------------------------------
129   |Info:    ------------------------------------------------------
129   |Info:    |            Detecting I2C DIMM modules              |
129   |Info:    ------------------------------------------------------
129   |Info:    ------------------------------------------------------
129   |Info:    |               Detecting I2C PCI devices            |
129   |Info:    ------------------------------------------------------
168   |Info:    [Sapphire Radeon RX 570/580/590 Nitro+] Registering RGB controller
169   |Info:    ------------------------------------------------------
169   |Info:    |               Detecting HID devices                |
169   |Info:    ------------------------------------------------------
315   |Info:    [B550M DS3H] Registering RGB controller
365   |Info:    Detected WinbondGamingKeyboard at /dev/hidraw2, product_string is Gaming Keyboard name is Winbond Gaming Keyboard
368   |Info:    [KLM] Created new Full 104 key ISO QWERTY with 6 rows and 21 columns containing 109 keys
368   |Info:    [Gaming Keyboard] Registering RGB controller
368   |Info:    ------------------------------------------------------
368   |Info:    |            Detecting libusb HID devices            |
368   |Info:    ------------------------------------------------------
402   |Info:    ------------------------------------------------------
402   |Info:    |              Detecting other devices               |
402   |Info:    ------------------------------------------------------
423   |Info:    [ResourceManager] Calling Post-detection callbacks
423   |Info:    ------------------------------------------------------
423   |Info:    |                Detection completed                 |
423   |Info:    ------------------------------------------------------
