    OpenRGB v0.9+ (1.0rc2)
    Commit:  from 
    Launched: 20260324_151139
====================================================================================================

0     |Info:    [ProfileManager] Found file: Blue.orp attempting to validate header
0     |Info:    [ProfileManager] Valid v5 profile found for Blue
0     |Info:    [ProfileManager] Found file: Black.orp attempting to validate header
0     |Info:    [ProfileManager] Valid v5 profile found for Black
52    |Info:    [ResourceManager] Initializing HID interfaces: Success
52    |Info:    ------------------------------------------------------
52    |Info:    |               Start device detection               |
52    |Info:    ------------------------------------------------------
63    |Info:    ------------------------------------------------------
63    |Info:    |             Detecting I2C interfaces               |
63    |Info:    ------------------------------------------------------
63    |Info:    [ResourceManager] Registering I2C interface: /dev/i2c-3 Device 1002:67DF Subsystem: 1DA2:E366
63    |Info:    [ResourceManager] Registering I2C interface: /dev/i2c-1 Device 1002:67DF Subsystem: 1DA2:E366
63    |Warning: [i2c_smbus_linux] Failed to read i2c device PCI device ID
63    |Info:    [ResourceManager] Registering I2C interface: /dev/i2c-6 Device 0000:0000 Subsystem: 0000:0000
63    |Info:    [ResourceManager] Registering I2C interface: /dev/i2c-4 Device 1002:67DF Subsystem: 1DA2:E366
63    |Info:    [ResourceManager] Registering I2C interface: /dev/i2c-2 Device 1002:67DF Subsystem: 1DA2:E366
63    |Info:    [ResourceManager] Registering I2C interface: /dev/i2c-0 Device 1002:67DF Subsystem: 1DA2:E366
63    |Warning: [i2c_smbus_linux] Failed to read i2c device PCI device ID
63    |Info:    [ResourceManager] Registering I2C interface: /dev/i2c-7 Device 0000:0000 Subsystem: 0000:0000
63    |Info:    [ResourceManager] Registering I2C interface: /dev/i2c-5 Device 1002:67DF Subsystem: 1DA2:E366
63    |Info:    ------------------------------------------------------
63    |Info:    |               Detecting I2C devices                |
64    |Info:    ------------------------------------------------------
71    |Info:    ------------------------------------------------------
71    |Info:    |            Detecting I2C DIMM modules              |
71    |Info:    ------------------------------------------------------
71    |Info:    ------------------------------------------------------
71    |Info:    |               Detecting I2C PCI devices            |
71    |Info:    ------------------------------------------------------
105   |Info:    [Sapphire Radeon RX 570/580/590 Nitro+] Registering RGB controller
106   |Info:    ------------------------------------------------------
106   |Info:    |               Detecting HID devices                |
106   |Info:    ------------------------------------------------------
201   |Info:    [B550M DS3H] Registering RGB controller
201   |Info:    Detected WinbondGamingKeyboard at /dev/hidraw2, product_string is Gaming Keyboard name is Winbond Gaming Keyboard
204   |Info:    [KLM] Created new Full 104 key ISO QWERTY with 6 rows and 21 columns containing 109 keys
204   |Info:    [Gaming Keyboard] Registering RGB controller
204   |Info:    ------------------------------------------------------
204   |Info:    |            Detecting libusb HID devices            |
204   |Info:    ------------------------------------------------------
668   |Info:    ------------------------------------------------------
668   |Info:    |              Detecting other devices               |
668   |Info:    ------------------------------------------------------
682   |Info:    [ResourceManager] Calling Post-detection callbacks
682   |Info:    ------------------------------------------------------
682   |Info:    |                Detection completed                 |
682   |Info:    ------------------------------------------------------
