    OpenRGB v0.9+ (1.0rc2)
    Commit:  from 
    Launched: 20260325_195121
====================================================================================================

1     |Info:    [ProfileManager] Found file: Blue.orp attempting to validate header
2     |Info:    [ProfileManager] Valid v5 profile found for Blue
2     |Info:    [ProfileManager] Found file: Black.orp attempting to validate header
2     |Info:    [ProfileManager] Valid v5 profile found for Black
81    |Info:    [ResourceManager] Initializing HID interfaces: Success
81    |Info:    ------------------------------------------------------
81    |Info:    |               Start device detection               |
81    |Info:    ------------------------------------------------------
93    |Info:    ------------------------------------------------------
93    |Info:    |             Detecting I2C interfaces               |
93    |Info:    ------------------------------------------------------
93    |Info:    [ResourceManager] Registering I2C interface: /dev/i2c-3 Device 1002:67DF Subsystem: 1DA2:E366
93    |Info:    [ResourceManager] Registering I2C interface: /dev/i2c-1 Device 1002:67DF Subsystem: 1DA2:E366
93    |Warning: [i2c_smbus_linux] Failed to read i2c device PCI device ID
94    |Info:    [ResourceManager] Registering I2C interface: /dev/i2c-6 Device 0000:0000 Subsystem: 0000:0000
94    |Info:    [ResourceManager] Registering I2C interface: /dev/i2c-4 Device 1002:67DF Subsystem: 1DA2:E366
94    |Info:    [ResourceManager] Registering I2C interface: /dev/i2c-2 Device 1002:67DF Subsystem: 1DA2:E366
94    |Info:    [ResourceManager] Registering I2C interface: /dev/i2c-0 Device 1002:67DF Subsystem: 1DA2:E366
94    |Warning: [i2c_smbus_linux] Failed to read i2c device PCI device ID
94    |Info:    [ResourceManager] Registering I2C interface: /dev/i2c-7 Device 0000:0000 Subsystem: 0000:0000
94    |Info:    [ResourceManager] Registering I2C interface: /dev/i2c-5 Device 1002:67DF Subsystem: 1DA2:E366
94    |Info:    ------------------------------------------------------
94    |Info:    |               Detecting I2C devices                |
94    |Info:    ------------------------------------------------------
104   |Info:    ------------------------------------------------------
104   |Info:    |            Detecting I2C DIMM modules              |
104   |Info:    ------------------------------------------------------
104   |Info:    ------------------------------------------------------
104   |Info:    |               Detecting I2C PCI devices            |
104   |Info:    ------------------------------------------------------
141   |Info:    [Sapphire Radeon RX 570/580/590 Nitro+] Registering RGB controller
142   |Info:    ------------------------------------------------------
142   |Info:    |               Detecting HID devices                |
142   |Info:    ------------------------------------------------------
288   |Info:    [B550M DS3H] Registering RGB controller
339   |Info:    Detected WinbondGamingKeyboard at /dev/hidraw2, product_string is Gaming Keyboard name is Winbond Gaming Keyboard
341   |Info:    [KLM] Created new Full 104 key ISO QWERTY with 6 rows and 21 columns containing 109 keys
341   |Info:    [Gaming Keyboard] Registering RGB controller
341   |Info:    ------------------------------------------------------
341   |Info:    |            Detecting libusb HID devices            |
341   |Info:    ------------------------------------------------------
377   |Info:    ------------------------------------------------------
377   |Info:    |              Detecting other devices               |
377   |Info:    ------------------------------------------------------
395   |Info:    [ResourceManager] Calling Post-detection callbacks
395   |Info:    ------------------------------------------------------
395   |Info:    |                Detection completed                 |
395   |Info:    ------------------------------------------------------
395   |Info:    [NetworkServer] Network connection thread started on port 6742
