    OpenRGB v0.9+ (1.0rc2)
    Commit:  from 
    Launched: 20260324_144432
====================================================================================================

0     |Info:    [ProfileManager] Found file: Blue.orp attempting to validate header
0     |Info:    [ProfileManager] Valid v5 profile found for Blue
0     |Info:    [ProfileManager] Found file: Black.orp attempting to validate header
0     |Info:    [ProfileManager] Valid v5 profile found for Black
53    |Info:    [ResourceManager] Initializing HID interfaces: Success
53    |Info:    ------------------------------------------------------
53    |Info:    |               Start device detection               |
53    |Info:    ------------------------------------------------------
63    |Info:    ------------------------------------------------------
63    |Info:    |             Detecting I2C interfaces               |
63    |Info:    ------------------------------------------------------
63    |Info:    [ResourceManager] Registering I2C interface: /dev/i2c-3 Device 1002:67DF Subsystem: 1DA2:E366
63    |Info:    [ResourceManager] Registering I2C interface: /dev/i2c-1 Device 1002:67DF Subsystem: 1DA2:E366
63    |Warning: [i2c_smbus_linux] Failed to read i2c device PCI device ID
63    |Info:    [ResourceManager] Registering I2C interface: /dev/i2c-6 Device 0000:0000 Subsystem: 0000:0000
63    |Info:    [ResourceManager] Registering I2C interface: /dev/i2c-4 Device 1002:67DF Subsystem: 1DA2:E366
63    |Info:    [ResourceManager] Registering I2C interface: /dev/i2c-2 Device 1002:67DF Subsystem: 1DA2:E366
63    |Info:    [ResourceManager] Registering I2C interface: /dev/i2c-0 Device 1002:67DF Subsystem: 1DA2:E366
63    |Warning: [i2c_smbus_linux] Failed to read i2c device PCI device ID
63    |Info:    [ResourceManager] Registering I2C interface: /dev/i2c-7 Device 0000:0000 Subsystem: 0000:0000
64    |Info:    [ResourceManager] Registering I2C interface: /dev/i2c-5 Device 1002:67DF Subsystem: 1DA2:E366
64    |Info:    ------------------------------------------------------
64    |Info:    |               Detecting I2C devices                |
64    |Info:    ------------------------------------------------------
71    |Info:    ------------------------------------------------------
71    |Info:    |            Detecting I2C DIMM modules              |
71    |Info:    ------------------------------------------------------
71    |Info:    ------------------------------------------------------
71    |Info:    |               Detecting I2C PCI devices            |
71    |Info:    ------------------------------------------------------
105   |Info:    [Sapphire Radeon RX 570/580/590 Nitro+] Registering RGB controller
107   |Info:    ------------------------------------------------------
107   |Info:    |               Detecting HID devices                |
107   |Info:    ------------------------------------------------------
203   |Info:    [B550M DS3H] Registering RGB controller
203   |Info:    Detected WinbondGamingKeyboard at /dev/hidraw2, product_string is Gaming Keyboard name is Winbond Gaming Keyboard
206   |Info:    [KLM] Created new Full 104 key ISO QWERTY with 6 rows and 21 columns containing 109 keys
206   |Info:    [Gaming Keyboard] Registering RGB controller
206   |Info:    ------------------------------------------------------
206   |Info:    |            Detecting libusb HID devices            |
206   |Info:    ------------------------------------------------------
241   |Info:    ------------------------------------------------------
242   |Info:    |              Detecting other devices               |
242   |Info:    ------------------------------------------------------
255   |Info:    [ResourceManager] Calling Post-detection callbacks
255   |Info:    ------------------------------------------------------
255   |Info:    |                Detection completed                 |
255   |Info:    ------------------------------------------------------
