    OpenRGB v0.9+ (1.0rc2)
    Commit:  from 
    Launched: 20260324_144417
====================================================================================================

1     |Info:    [ProfileManager] Found file: Blue.orp attempting to validate header
3     |Info:    [ProfileManager] Valid v5 profile found for Blue
3     |Info:    [ProfileManager] Found file: Black.orp attempting to validate header
3     |Info:    [ProfileManager] Valid v5 profile found for Black
83    |Info:    [ResourceManager] Initializing HID interfaces: Success
83    |Info:    ------------------------------------------------------
83    |Info:    |               Start device detection               |
83    |Info:    ------------------------------------------------------
95    |Info:    ------------------------------------------------------
95    |Info:    |             Detecting I2C interfaces               |
95    |Info:    ------------------------------------------------------
95    |Info:    [ResourceManager] Registering I2C interface: /dev/i2c-3 Device 1002:67DF Subsystem: 1DA2:E366
95    |Info:    [ResourceManager] Registering I2C interface: /dev/i2c-1 Device 1002:67DF Subsystem: 1DA2:E366
95    |Warning: [i2c_smbus_linux] Failed to read i2c device PCI device ID
95    |Info:    [ResourceManager] Registering I2C interface: /dev/i2c-6 Device 0000:0000 Subsystem: 0000:0000
95    |Info:    [ResourceManager] Registering I2C interface: /dev/i2c-4 Device 1002:67DF Subsystem: 1DA2:E366
96    |Info:    [ResourceManager] Registering I2C interface: /dev/i2c-2 Device 1002:67DF Subsystem: 1DA2:E366
96    |Info:    [ResourceManager] Registering I2C interface: /dev/i2c-0 Device 1002:67DF Subsystem: 1DA2:E366
96    |Warning: [i2c_smbus_linux] Failed to read i2c device PCI device ID
96    |Info:    [ResourceManager] Registering I2C interface: /dev/i2c-7 Device 0000:0000 Subsystem: 0000:0000
96    |Info:    [ResourceManager] Registering I2C interface: /dev/i2c-5 Device 1002:67DF Subsystem: 1DA2:E366
96    |Info:    ------------------------------------------------------
96    |Info:    |               Detecting I2C devices                |
96    |Info:    ------------------------------------------------------
105   |Info:    ------------------------------------------------------
105   |Info:    |            Detecting I2C DIMM modules              |
105   |Info:    ------------------------------------------------------
105   |Info:    ------------------------------------------------------
105   |Info:    |               Detecting I2C PCI devices            |
105   |Info:    ------------------------------------------------------
142   |Info:    [Sapphire Radeon RX 570/580/590 Nitro+] Registering RGB controller
143   |Info:    ------------------------------------------------------
143   |Info:    |               Detecting HID devices                |
143   |Info:    ------------------------------------------------------
289   |Info:    [B550M DS3H] Registering RGB controller
340   |Info:    Detected WinbondGamingKeyboard at /dev/hidraw2, product_string is Gaming Keyboard name is Winbond Gaming Keyboard
343   |Info:    [KLM] Created new Full 104 key ISO QWERTY with 6 rows and 21 columns containing 109 keys
343   |Info:    [Gaming Keyboard] Registering RGB controller
343   |Info:    ------------------------------------------------------
343   |Info:    |            Detecting libusb HID devices            |
343   |Info:    ------------------------------------------------------
376   |Info:    ------------------------------------------------------
376   |Info:    |              Detecting other devices               |
376   |Info:    ------------------------------------------------------
392   |Info:    [ResourceManager] Calling Post-detection callbacks
392   |Info:    ------------------------------------------------------
392   |Info:    |                Detection completed                 |
392   |Info:    ------------------------------------------------------
