    OpenRGB v0.9+ (1.0rc2)
    Commit:  from 
    Launched: 20260323_232317
====================================================================================================

1     |Info:    [ProfileManager] Found file: Black.orp attempting to validate header
2     |Info:    [ProfileManager] Valid v5 profile found for Black
2     |Info:    [ProfileManager] Found file: Blue.orp attempting to validate header
2     |Info:    [ProfileManager] Valid v5 profile found for Blue
76    |Info:    [ResourceManager] Initializing HID interfaces: Success
76    |Info:    ------------------------------------------------------
76    |Info:    |               Start device detection               |
76    |Info:    ------------------------------------------------------
88    |Info:    ------------------------------------------------------
88    |Info:    |             Detecting I2C interfaces               |
88    |Info:    ------------------------------------------------------
88    |Info:    [ResourceManager] Registering I2C interface: /dev/i2c-3 Device 1002:67DF Subsystem: 1DA2:E366
88    |Info:    [ResourceManager] Registering I2C interface: /dev/i2c-1 Device 1002:67DF Subsystem: 1DA2:E366
88    |Warning: [i2c_smbus_linux] Failed to read i2c device PCI device ID
88    |Info:    [ResourceManager] Registering I2C interface: /dev/i2c-6 Device 0000:0000 Subsystem: 0000:0000
89    |Info:    [ResourceManager] Registering I2C interface: /dev/i2c-4 Device 1002:67DF Subsystem: 1DA2:E366
89    |Info:    [ResourceManager] Registering I2C interface: /dev/i2c-2 Device 1002:67DF Subsystem: 1DA2:E366
89    |Info:    [ResourceManager] Registering I2C interface: /dev/i2c-0 Device 1002:67DF Subsystem: 1DA2:E366
89    |Warning: [i2c_smbus_linux] Failed to read i2c device PCI device ID
89    |Info:    [ResourceManager] Registering I2C interface: /dev/i2c-7 Device 0000:0000 Subsystem: 0000:0000
89    |Info:    [ResourceManager] Registering I2C interface: /dev/i2c-5 Device 1002:67DF Subsystem: 1DA2:E366
89    |Info:    ------------------------------------------------------
89    |Info:    |               Detecting I2C devices                |
89    |Info:    ------------------------------------------------------
101   |Info:    ------------------------------------------------------
101   |Info:    |            Detecting I2C DIMM modules              |
101   |Info:    ------------------------------------------------------
101   |Info:    ------------------------------------------------------
101   |Info:    |               Detecting I2C PCI devices            |
101   |Info:    ------------------------------------------------------
147   |Info:    [Sapphire Radeon RX 570/580/590 Nitro+] Registering RGB controller
147   |Info:    ------------------------------------------------------
147   |Info:    |               Detecting HID devices                |
147   |Info:    ------------------------------------------------------
295   |Info:    [B550M DS3H] Registering RGB controller
345   |Info:    Detected WinbondGamingKeyboard at /dev/hidraw2, product_string is Gaming Keyboard name is Winbond Gaming Keyboard
348   |Info:    [KLM] Created new Full 104 key ISO QWERTY with 6 rows and 21 columns containing 109 keys
348   |Info:    [Gaming Keyboard] Registering RGB controller
348   |Info:    ------------------------------------------------------
348   |Info:    |            Detecting libusb HID devices            |
348   |Info:    ------------------------------------------------------
4857  |Info:    ------------------------------------------------------
4857  |Info:    |              Detecting other devices               |
4857  |Info:    ------------------------------------------------------
4873  |Info:    [ResourceManager] Calling Post-detection callbacks
4873  |Info:    ------------------------------------------------------
4873  |Info:    |                Detection completed                 |
4873  |Info:    ------------------------------------------------------
4874  |Info:    [ProfileManager] Profile loading: Succeeded for Sapphire Radeon RX 570/580/590 Nitro+ @ I2C: /dev/i2c-0, address 0x55
4874  |Info:    [ProfileManager] Profile loading: Succeeded for B550M DS3H @ HID: /dev/hidraw5
4874  |Info:    [ProfileManager] Profile loading: Succeeded for Gaming Keyboard @ HID: /dev/hidraw2
178407|Info:    [ProfileManager] Profile loading: Succeeded for Sapphire Radeon RX 570/580/590 Nitro+ @ I2C: /dev/i2c-0, address 0x55
178407|Info:    [ProfileManager] Profile loading: Succeeded for B550M DS3H @ HID: /dev/hidraw5
178407|Info:    [ProfileManager] Profile loading: Succeeded for Gaming Keyboard @ HID: /dev/hidraw2
2046136|Info:    [ProfileManager] Found file: Black.orp attempting to validate header
2046136|Info:    [ProfileManager] Valid v5 profile found for Black
2046136|Info:    [ProfileManager] Found file: Blue.orp attempting to validate header
2046136|Info:    [ProfileManager] Valid v5 profile found for Blue
2048582|Info:    [ProfileManager] Profile loading: Succeeded for Sapphire Radeon RX 570/580/590 Nitro+ @ I2C: /dev/i2c-0, address 0x55
2048582|Info:    [ProfileManager] Profile loading: Succeeded for B550M DS3H @ HID: /dev/hidraw5
2048582|Info:    [ProfileManager] Profile loading: Succeeded for Gaming Keyboard @ HID: /dev/hidraw2
2053638|Info:    [ProfileManager] Found file: Black.orp attempting to validate header
2053638|Info:    [ProfileManager] Valid v5 profile found for Black
2053638|Info:    [ProfileManager] Found file: Blue.orp attempting to validate header
2053638|Info:    [ProfileManager] Valid v5 profile found for Blue
2054254|Info:    [ProfileManager] Profile loading: Succeeded for Sapphire Radeon RX 570/580/590 Nitro+ @ I2C: /dev/i2c-0, address 0x55
2054254|Info:    [ProfileManager] Profile loading: Succeeded for B550M DS3H @ HID: /dev/hidraw5
2054254|Info:    [ProfileManager] Profile loading: Succeeded for Gaming Keyboard @ HID: /dev/hidraw2
2054819|Info:    [ProfileManager] Profile loading: Succeeded for Sapphire Radeon RX 570/580/590 Nitro+ @ I2C: /dev/i2c-0, address 0x55
2054819|Info:    [ProfileManager] Profile loading: Succeeded for B550M DS3H @ HID: /dev/hidraw5
2054819|Info:    [ProfileManager] Profile loading: Succeeded for Gaming Keyboard @ HID: /dev/hidraw2
2055941|Info:    [ProfileManager] Profile loading: Succeeded for Sapphire Radeon RX 570/580/590 Nitro+ @ I2C: /dev/i2c-0, address 0x55
2055941|Info:    [ProfileManager] Profile loading: Succeeded for B550M DS3H @ HID: /dev/hidraw5
2055941|Info:    [ProfileManager] Profile loading: Succeeded for Gaming Keyboard @ HID: /dev/hidraw2
