    OpenRGB v0.9+ (1.0rc2)
    Commit:  from 
    Launched: 20260324_141819
====================================================================================================

2     |Info:    [ProfileManager] Found file: Blue.orp attempting to validate header
3     |Info:    [ProfileManager] Valid v5 profile found for Blue
3     |Info:    [ProfileManager] Found file: Black.orp attempting to validate header
3     |Info:    [ProfileManager] Valid v5 profile found for Black
93    |Info:    [ResourceManager] Initializing HID interfaces: Success
93    |Info:    ------------------------------------------------------
93    |Info:    |               Start device detection               |
93    |Info:    ------------------------------------------------------
107   |Info:    ------------------------------------------------------
107   |Info:    |             Detecting I2C interfaces               |
107   |Info:    ------------------------------------------------------
107   |Info:    [ResourceManager] Registering I2C interface: /dev/i2c-3 Device 1002:67DF Subsystem: 1DA2:E366
108   |Info:    [ResourceManager] Registering I2C interface: /dev/i2c-1 Device 1002:67DF Subsystem: 1DA2:E366
108   |Warning: [i2c_smbus_linux] Failed to read i2c device PCI device ID
108   |Info:    [ResourceManager] Registering I2C interface: /dev/i2c-6 Device 0000:0000 Subsystem: 0000:0000
108   |Info:    [ResourceManager] Registering I2C interface: /dev/i2c-4 Device 1002:67DF Subsystem: 1DA2:E366
108   |Info:    [ResourceManager] Registering I2C interface: /dev/i2c-2 Device 1002:67DF Subsystem: 1DA2:E366
108   |Info:    [ResourceManager] Registering I2C interface: /dev/i2c-0 Device 1002:67DF Subsystem: 1DA2:E366
108   |Warning: [i2c_smbus_linux] Failed to read i2c device PCI device ID
108   |Info:    [ResourceManager] Registering I2C interface: /dev/i2c-7 Device 0000:0000 Subsystem: 0000:0000
108   |Info:    [ResourceManager] Registering I2C interface: /dev/i2c-5 Device 1002:67DF Subsystem: 1DA2:E366
108   |Info:    ------------------------------------------------------
108   |Info:    |               Detecting I2C devices                |
108   |Info:    ------------------------------------------------------
120   |Info:    ------------------------------------------------------
120   |Info:    |            Detecting I2C DIMM modules              |
120   |Info:    ------------------------------------------------------
120   |Info:    ------------------------------------------------------
120   |Info:    |               Detecting I2C PCI devices            |
120   |Info:    ------------------------------------------------------
155   |Info:    [Sapphire Radeon RX 570/580/590 Nitro+] Registering RGB controller
156   |Info:    ------------------------------------------------------
156   |Info:    |               Detecting HID devices                |
156   |Info:    ------------------------------------------------------
304   |Info:    [B550M DS3H] Registering RGB controller
356   |Info:    Detected WinbondGamingKeyboard at /dev/hidraw2, product_string is Gaming Keyboard name is Winbond Gaming Keyboard
359   |Info:    [KLM] Created new Full 104 key ISO QWERTY with 6 rows and 21 columns containing 109 keys
359   |Info:    [Gaming Keyboard] Registering RGB controller
359   |Info:    ------------------------------------------------------
359   |Info:    |            Detecting libusb HID devices            |
359   |Info:    ------------------------------------------------------
394   |Info:    ------------------------------------------------------
394   |Info:    |              Detecting other devices               |
394   |Info:    ------------------------------------------------------
415   |Info:    [ResourceManager] Calling Post-detection callbacks
415   |Info:    ------------------------------------------------------
415   |Info:    |                Detection completed                 |
415   |Info:    ------------------------------------------------------
416   |Info:    [ProfileManager] Profile loading: Succeeded for Sapphire Radeon RX 570/580/590 Nitro+ @ I2C: /dev/i2c-0, address 0x55
416   |Info:    [ProfileManager] Profile loading: Succeeded for B550M DS3H @ HID: /dev/hidraw5
416   |Info:    [ProfileManager] Profile loading: Succeeded for Gaming Keyboard @ HID: /dev/hidraw2
