    OpenRGB v0.9+ (1.0rc2)
    Commit:  from 
    Launched: 20260325_144459
====================================================================================================

1     |Info:    [ProfileManager] Found file: Blue.orp attempting to validate header
1     |Info:    [ProfileManager] Valid v5 profile found for Blue
1     |Info:    [ProfileManager] Found file: Black.orp attempting to validate header
1     |Info:    [ProfileManager] Valid v5 profile found for Black
54    |Info:    [ResourceManager] Initializing HID interfaces: Success
54    |Info:    ------------------------------------------------------
54    |Info:    |               Start device detection               |
54    |Info:    ------------------------------------------------------
67    |Info:    ------------------------------------------------------
67    |Info:    |             Detecting I2C interfaces               |
67    |Info:    ------------------------------------------------------
68    |Info:    [ResourceManager] Registering I2C interface: /dev/i2c-3 Device 1002:67DF Subsystem: 1DA2:E366
68    |Info:    [ResourceManager] Registering I2C interface: /dev/i2c-1 Device 1002:67DF Subsystem: 1DA2:E366
68    |Warning: [i2c_smbus_linux] Failed to read i2c device PCI device ID
68    |Info:    [ResourceManager] Registering I2C interface: /dev/i2c-6 Device 0000:0000 Subsystem: 0000:0000
68    |Info:    [ResourceManager] Registering I2C interface: /dev/i2c-4 Device 1002:67DF Subsystem: 1DA2:E366
68    |Info:    [ResourceManager] Registering I2C interface: /dev/i2c-2 Device 1002:67DF Subsystem: 1DA2:E366
68    |Info:    [ResourceManager] Registering I2C interface: /dev/i2c-0 Device 1002:67DF Subsystem: 1DA2:E366
68    |Warning: [i2c_smbus_linux] Failed to read i2c device PCI device ID
68    |Info:    [ResourceManager] Registering I2C interface: /dev/i2c-7 Device 0000:0000 Subsystem: 0000:0000
68    |Info:    [ResourceManager] Registering I2C interface: /dev/i2c-5 Device 1002:67DF Subsystem: 1DA2:E366
68    |Info:    ------------------------------------------------------
68    |Info:    |               Detecting I2C devices                |
68    |Info:    ------------------------------------------------------
76    |Info:    ------------------------------------------------------
76    |Info:    |            Detecting I2C DIMM modules              |
76    |Info:    ------------------------------------------------------
76    |Info:    ------------------------------------------------------
76    |Info:    |               Detecting I2C PCI devices            |
76    |Info:    ------------------------------------------------------
111   |Info:    [Sapphire Radeon RX 570/580/590 Nitro+] Registering RGB controller
112   |Info:    ------------------------------------------------------
112   |Info:    |               Detecting HID devices                |
112   |Info:    ------------------------------------------------------
255   |Info:    [B550M DS3H] Registering RGB controller
306   |Info:    Detected WinbondGamingKeyboard at /dev/hidraw2, product_string is Gaming Keyboard name is Winbond Gaming Keyboard
308   |Info:    [KLM] Created new Full 104 key ISO QWERTY with 6 rows and 21 columns containing 109 keys
308   |Info:    [Gaming Keyboard] Registering RGB controller
308   |Info:    ------------------------------------------------------
308   |Info:    |            Detecting libusb HID devices            |
308   |Info:    ------------------------------------------------------
340   |Info:    ------------------------------------------------------
340   |Info:    |              Detecting other devices               |
340   |Info:    ------------------------------------------------------
355   |Info:    [ResourceManager] Calling Post-detection callbacks
355   |Info:    ------------------------------------------------------
355   |Info:    |                Detection completed                 |
355   |Info:    ------------------------------------------------------
355   |Info:    [ProfileManager] Profile loading: Succeeded for Sapphire Radeon RX 570/580/590 Nitro+ @ I2C: /dev/i2c-0, address 0x55
355   |Info:    [ProfileManager] Profile loading: Succeeded for B550M DS3H @ HID: /dev/hidraw7
355   |Info:    [ProfileManager] Profile loading: Succeeded for Gaming Keyboard @ HID: /dev/hidraw2
