    OpenRGB v0.9+ (1.0rc2)
    Commit:  from 
    Launched: 20260325_181824
====================================================================================================

1     |Info:    [ProfileManager] Found file: Blue.orp attempting to validate header
2     |Info:    [ProfileManager] Valid v5 profile found for Blue
2     |Info:    [ProfileManager] Found file: Black.orp attempting to validate header
2     |Info:    [ProfileManager] Valid v5 profile found for Black
80    |Info:    [ResourceManager] Initializing HID interfaces: Success
80    |Info:    ------------------------------------------------------
80    |Info:    |               Start device detection               |
80    |Info:    ------------------------------------------------------
92    |Info:    ------------------------------------------------------
92    |Info:    |             Detecting I2C interfaces               |
92    |Info:    ------------------------------------------------------
92    |Info:    [ResourceManager] Registering I2C interface: /dev/i2c-3 Device 1002:67DF Subsystem: 1DA2:E366
92    |Info:    [ResourceManager] Registering I2C interface: /dev/i2c-1 Device 1002:67DF Subsystem: 1DA2:E366
92    |Warning: [i2c_smbus_linux] Failed to read i2c device PCI device ID
92    |Info:    [ResourceManager] Registering I2C interface: /dev/i2c-6 Device 0000:0000 Subsystem: 0000:0000
92    |Info:    [ResourceManager] Registering I2C interface: /dev/i2c-4 Device 1002:67DF Subsystem: 1DA2:E366
93    |Info:    [ResourceManager] Registering I2C interface: /dev/i2c-2 Device 1002:67DF Subsystem: 1DA2:E366
93    |Info:    [ResourceManager] Registering I2C interface: /dev/i2c-0 Device 1002:67DF Subsystem: 1DA2:E366
93    |Warning: [i2c_smbus_linux] Failed to read i2c device PCI device ID
93    |Info:    [ResourceManager] Registering I2C interface: /dev/i2c-7 Device 0000:0000 Subsystem: 0000:0000
93    |Info:    [ResourceManager] Registering I2C interface: /dev/i2c-5 Device 1002:67DF Subsystem: 1DA2:E366
93    |Info:    ------------------------------------------------------
93    |Info:    |               Detecting I2C devices                |
93    |Info:    ------------------------------------------------------
102   |Info:    ------------------------------------------------------
102   |Info:    |            Detecting I2C DIMM modules              |
102   |Info:    ------------------------------------------------------
102   |Info:    ------------------------------------------------------
102   |Info:    |               Detecting I2C PCI devices            |
102   |Info:    ------------------------------------------------------
139   |Info:    [Sapphire Radeon RX 570/580/590 Nitro+] Registering RGB controller
140   |Info:    ------------------------------------------------------
140   |Info:    |               Detecting HID devices                |
140   |Info:    ------------------------------------------------------
286   |Info:    [B550M DS3H] Registering RGB controller
337   |Info:    Detected WinbondGamingKeyboard at /dev/hidraw2, product_string is Gaming Keyboard name is Winbond Gaming Keyboard
340   |Info:    [KLM] Created new Full 104 key ISO QWERTY with 6 rows and 21 columns containing 109 keys
340   |Info:    [Gaming Keyboard] Registering RGB controller
340   |Info:    ------------------------------------------------------
340   |Info:    |            Detecting libusb HID devices            |
340   |Info:    ------------------------------------------------------
375   |Info:    ------------------------------------------------------
375   |Info:    |              Detecting other devices               |
375   |Info:    ------------------------------------------------------
392   |Info:    [ResourceManager] Calling Post-detection callbacks
392   |Info:    ------------------------------------------------------
392   |Info:    |                Detection completed                 |
392   |Info:    ------------------------------------------------------
392   |Info:    [NetworkServer] Network connection thread started on port 6742
