    OpenRGB v0.9+ (1.0rc2)
    Commit:  from 
    Launched: 20260324_142356
====================================================================================================

2     |Info:    [ProfileManager] Found file: Blue.orp attempting to validate header
4     |Info:    [ProfileManager] Valid v5 profile found for Blue
4     |Info:    [ProfileManager] Found file: Black.orp attempting to validate header
4     |Info:    [ProfileManager] Valid v5 profile found for Black
90    |Info:    [ResourceManager] Initializing HID interfaces: Success
90    |Info:    ------------------------------------------------------
90    |Info:    |               Start device detection               |
90    |Info:    ------------------------------------------------------
104   |Info:    ------------------------------------------------------
104   |Info:    |             Detecting I2C interfaces               |
104   |Info:    ------------------------------------------------------
104   |Info:    [ResourceManager] Registering I2C interface: /dev/i2c-3 Device 1002:67DF Subsystem: 1DA2:E366
104   |Info:    [ResourceManager] Registering I2C interface: /dev/i2c-1 Device 1002:67DF Subsystem: 1DA2:E366
104   |Warning: [i2c_smbus_linux] Failed to read i2c device PCI device ID
104   |Info:    [ResourceManager] Registering I2C interface: /dev/i2c-6 Device 0000:0000 Subsystem: 0000:0000
104   |Info:    [ResourceManager] Registering I2C interface: /dev/i2c-4 Device 1002:67DF Subsystem: 1DA2:E366
104   |Info:    [ResourceManager] Registering I2C interface: /dev/i2c-2 Device 1002:67DF Subsystem: 1DA2:E366
104   |Info:    [ResourceManager] Registering I2C interface: /dev/i2c-0 Device 1002:67DF Subsystem: 1DA2:E366
104   |Warning: [i2c_smbus_linux] Failed to read i2c device PCI device ID
104   |Info:    [ResourceManager] Registering I2C interface: /dev/i2c-7 Device 0000:0000 Subsystem: 0000:0000
104   |Info:    [ResourceManager] Registering I2C interface: /dev/i2c-5 Device 1002:67DF Subsystem: 1DA2:E366
104   |Info:    ------------------------------------------------------
104   |Info:    |               Detecting I2C devices                |
104   |Info:    ------------------------------------------------------
115   |Info:    ------------------------------------------------------
115   |Info:    |            Detecting I2C DIMM modules              |
115   |Info:    ------------------------------------------------------
115   |Info:    ------------------------------------------------------
115   |Info:    |               Detecting I2C PCI devices            |
115   |Info:    ------------------------------------------------------
150   |Info:    [Sapphire Radeon RX 570/580/590 Nitro+] Registering RGB controller
151   |Info:    ------------------------------------------------------
151   |Info:    |               Detecting HID devices                |
151   |Info:    ------------------------------------------------------
297   |Info:    [B550M DS3H] Registering RGB controller
348   |Info:    Detected WinbondGamingKeyboard at /dev/hidraw2, product_string is Gaming Keyboard name is Winbond Gaming Keyboard
351   |Info:    [KLM] Created new Full 104 key ISO QWERTY with 6 rows and 21 columns containing 109 keys
351   |Info:    [Gaming Keyboard] Registering RGB controller
351   |Info:    ------------------------------------------------------
351   |Info:    |            Detecting libusb HID devices            |
351   |Info:    ------------------------------------------------------
388   |Info:    ------------------------------------------------------
388   |Info:    |              Detecting other devices               |
388   |Info:    ------------------------------------------------------
407   |Info:    [ResourceManager] Calling Post-detection callbacks
407   |Info:    ------------------------------------------------------
407   |Info:    |                Detection completed                 |
407   |Info:    ------------------------------------------------------
407   |Info:    [ProfileManager] Profile loading: Succeeded for Sapphire Radeon RX 570/580/590 Nitro+ @ I2C: /dev/i2c-0, address 0x55
407   |Info:    [ProfileManager] Profile loading: Succeeded for B550M DS3H @ HID: /dev/hidraw5
407   |Info:    [ProfileManager] Profile loading: Succeeded for Gaming Keyboard @ HID: /dev/hidraw2
