    OpenRGB v0.9+ (1.0rc2)
    Commit:  from 
    Launched: 20260324_165317
====================================================================================================

2     |Info:    [ProfileManager] Found file: Blue.orp attempting to validate header
3     |Info:    [ProfileManager] Valid v5 profile found for Blue
3     |Info:    [ProfileManager] Found file: Black.orp attempting to validate header
3     |Info:    [ProfileManager] Valid v5 profile found for Black
82    |Info:    [ResourceManager] Initializing HID interfaces: Success
82    |Info:    ------------------------------------------------------
82    |Info:    |               Start device detection               |
82    |Info:    ------------------------------------------------------
96    |Info:    ------------------------------------------------------
96    |Info:    |             Detecting I2C interfaces               |
96    |Info:    ------------------------------------------------------
96    |Info:    [ResourceManager] Registering I2C interface: /dev/i2c-3 Device 1002:67DF Subsystem: 1DA2:E366
96    |Info:    [ResourceManager] Registering I2C interface: /dev/i2c-1 Device 1002:67DF Subsystem: 1DA2:E366
96    |Warning: [i2c_smbus_linux] Failed to read i2c device PCI device ID
96    |Info:    [ResourceManager] Registering I2C interface: /dev/i2c-6 Device 0000:0000 Subsystem: 0000:0000
96    |Info:    [ResourceManager] Registering I2C interface: /dev/i2c-4 Device 1002:67DF Subsystem: 1DA2:E366
96    |Info:    [ResourceManager] Registering I2C interface: /dev/i2c-2 Device 1002:67DF Subsystem: 1DA2:E366
96    |Info:    [ResourceManager] Registering I2C interface: /dev/i2c-0 Device 1002:67DF Subsystem: 1DA2:E366
96    |Warning: [i2c_smbus_linux] Failed to read i2c device PCI device ID
96    |Info:    [ResourceManager] Registering I2C interface: /dev/i2c-7 Device 0000:0000 Subsystem: 0000:0000
97    |Info:    [ResourceManager] Registering I2C interface: /dev/i2c-5 Device 1002:67DF Subsystem: 1DA2:E366
97    |Info:    ------------------------------------------------------
97    |Info:    |               Detecting I2C devices                |
97    |Info:    ------------------------------------------------------
106   |Info:    ------------------------------------------------------
106   |Info:    |            Detecting I2C DIMM modules              |
106   |Info:    ------------------------------------------------------
106   |Info:    ------------------------------------------------------
106   |Info:    |               Detecting I2C PCI devices            |
106   |Info:    ------------------------------------------------------
147   |Info:    [Sapphire Radeon RX 570/580/590 Nitro+] Registering RGB controller
148   |Info:    ------------------------------------------------------
148   |Info:    |               Detecting HID devices                |
148   |Info:    ------------------------------------------------------
295   |Info:    [B550M DS3H] Registering RGB controller
346   |Info:    Detected WinbondGamingKeyboard at /dev/hidraw2, product_string is Gaming Keyboard name is Winbond Gaming Keyboard
349   |Info:    [KLM] Created new Full 104 key ISO QWERTY with 6 rows and 21 columns containing 109 keys
349   |Info:    [Gaming Keyboard] Registering RGB controller
349   |Info:    ------------------------------------------------------
349   |Info:    |            Detecting libusb HID devices            |
349   |Info:    ------------------------------------------------------
387   |Info:    ------------------------------------------------------
387   |Info:    |              Detecting other devices               |
387   |Info:    ------------------------------------------------------
403   |Info:    [ResourceManager] Calling Post-detection callbacks
403   |Info:    ------------------------------------------------------
403   |Info:    |                Detection completed                 |
403   |Info:    ------------------------------------------------------
403   |Info:    [NetworkServer] Network connection thread started on port 6742
