    OpenRGB v0.9+ (1.0rc2)
    Commit:  from 
    Launched: 20260324_151120
====================================================================================================

2     |Info:    [ProfileManager] Found file: Blue.orp attempting to validate header
4     |Info:    [ProfileManager] Valid v5 profile found for Blue
4     |Info:    [ProfileManager] Found file: Black.orp attempting to validate header
5     |Info:    [ProfileManager] Valid v5 profile found for Black
84    |Info:    [ResourceManager] Initializing HID interfaces: Success
84    |Info:    ------------------------------------------------------
84    |Info:    |               Start device detection               |
84    |Info:    ------------------------------------------------------
96    |Info:    ------------------------------------------------------
96    |Info:    |             Detecting I2C interfaces               |
96    |Info:    ------------------------------------------------------
97    |Info:    [ResourceManager] Registering I2C interface: /dev/i2c-3 Device 1002:67DF Subsystem: 1DA2:E366
97    |Info:    [ResourceManager] Registering I2C interface: /dev/i2c-1 Device 1002:67DF Subsystem: 1DA2:E366
97    |Warning: [i2c_smbus_linux] Failed to read i2c device PCI device ID
97    |Info:    [ResourceManager] Registering I2C interface: /dev/i2c-6 Device 0000:0000 Subsystem: 0000:0000
97    |Info:    [ResourceManager] Registering I2C interface: /dev/i2c-4 Device 1002:67DF Subsystem: 1DA2:E366
97    |Info:    [ResourceManager] Registering I2C interface: /dev/i2c-2 Device 1002:67DF Subsystem: 1DA2:E366
97    |Info:    [ResourceManager] Registering I2C interface: /dev/i2c-0 Device 1002:67DF Subsystem: 1DA2:E366
97    |Warning: [i2c_smbus_linux] Failed to read i2c device PCI device ID
97    |Info:    [ResourceManager] Registering I2C interface: /dev/i2c-7 Device 0000:0000 Subsystem: 0000:0000
97    |Info:    [ResourceManager] Registering I2C interface: /dev/i2c-5 Device 1002:67DF Subsystem: 1DA2:E366
97    |Info:    ------------------------------------------------------
97    |Info:    |               Detecting I2C devices                |
97    |Info:    ------------------------------------------------------
106   |Info:    ------------------------------------------------------
106   |Info:    |            Detecting I2C DIMM modules              |
106   |Info:    ------------------------------------------------------
106   |Info:    ------------------------------------------------------
106   |Info:    |               Detecting I2C PCI devices            |
106   |Info:    ------------------------------------------------------
144   |Info:    [Sapphire Radeon RX 570/580/590 Nitro+] Registering RGB controller
144   |Info:    ------------------------------------------------------
144   |Info:    |               Detecting HID devices                |
144   |Info:    ------------------------------------------------------
290   |Info:    [B550M DS3H] Registering RGB controller
342   |Info:    Detected WinbondGamingKeyboard at /dev/hidraw2, product_string is Gaming Keyboard name is Winbond Gaming Keyboard
345   |Info:    [KLM] Created new Full 104 key ISO QWERTY with 6 rows and 21 columns containing 109 keys
345   |Info:    [Gaming Keyboard] Registering RGB controller
345   |Info:    ------------------------------------------------------
345   |Info:    |            Detecting libusb HID devices            |
345   |Info:    ------------------------------------------------------
377   |Info:    ------------------------------------------------------
377   |Info:    |              Detecting other devices               |
377   |Info:    ------------------------------------------------------
394   |Info:    [ResourceManager] Calling Post-detection callbacks
394   |Info:    ------------------------------------------------------
394   |Info:    |                Detection completed                 |
394   |Info:    ------------------------------------------------------
