    OpenRGB v0.9+ (1.0rc2)
    Commit:  from 
    Launched: 20260325_132054
====================================================================================================

7     |Info:    [ProfileManager] Found file: Blue.orp attempting to validate header
7     |Info:    [ProfileManager] Valid v5 profile found for Blue
7     |Info:    [ProfileManager] Found file: Black.orp attempting to validate header
7     |Info:    [ProfileManager] Valid v5 profile found for Black
60    |Info:    [ResourceManager] Initializing HID interfaces: Success
60    |Info:    ------------------------------------------------------
60    |Info:    |               Start device detection               |
60    |Info:    ------------------------------------------------------
73    |Info:    ------------------------------------------------------
73    |Info:    |             Detecting I2C interfaces               |
73    |Info:    ------------------------------------------------------
73    |Info:    [ResourceManager] Registering I2C interface: /dev/i2c-3 Device 1002:67DF Subsystem: 1DA2:E366
74    |Info:    [ResourceManager] Registering I2C interface: /dev/i2c-1 Device 1002:67DF Subsystem: 1DA2:E366
74    |Warning: [i2c_smbus_linux] Failed to read i2c device PCI device ID
74    |Info:    [ResourceManager] Registering I2C interface: /dev/i2c-6 Device 0000:0000 Subsystem: 0000:0000
74    |Info:    [ResourceManager] Registering I2C interface: /dev/i2c-4 Device 1002:67DF Subsystem: 1DA2:E366
74    |Info:    [ResourceManager] Registering I2C interface: /dev/i2c-2 Device 1002:67DF Subsystem: 1DA2:E366
74    |Info:    [ResourceManager] Registering I2C interface: /dev/i2c-0 Device 1002:67DF Subsystem: 1DA2:E366
74    |Warning: [i2c_smbus_linux] Failed to read i2c device PCI device ID
74    |Info:    [ResourceManager] Registering I2C interface: /dev/i2c-7 Device 0000:0000 Subsystem: 0000:0000
74    |Info:    [ResourceManager] Registering I2C interface: /dev/i2c-5 Device 1002:67DF Subsystem: 1DA2:E366
74    |Info:    ------------------------------------------------------
74    |Info:    |               Detecting I2C devices                |
74    |Info:    ------------------------------------------------------
82    |Info:    ------------------------------------------------------
82    |Info:    |            Detecting I2C DIMM modules              |
82    |Info:    ------------------------------------------------------
82    |Info:    ------------------------------------------------------
82    |Info:    |               Detecting I2C PCI devices            |
82    |Info:    ------------------------------------------------------
116   |Info:    [Sapphire Radeon RX 570/580/590 Nitro+] Registering RGB controller
119   |Info:    ------------------------------------------------------
119   |Info:    |               Detecting HID devices                |
119   |Info:    ------------------------------------------------------
263   |Info:    [B550M DS3H] Registering RGB controller
314   |Info:    Detected WinbondGamingKeyboard at /dev/hidraw2, product_string is Gaming Keyboard name is Winbond Gaming Keyboard
317   |Info:    [KLM] Created new Full 104 key ISO QWERTY with 6 rows and 21 columns containing 109 keys
317   |Info:    [Gaming Keyboard] Registering RGB controller
317   |Info:    ------------------------------------------------------
317   |Info:    |            Detecting libusb HID devices            |
317   |Info:    ------------------------------------------------------
348   |Info:    ------------------------------------------------------
348   |Info:    |              Detecting other devices               |
348   |Info:    ------------------------------------------------------
362   |Info:    [ResourceManager] Calling Post-detection callbacks
362   |Info:    ------------------------------------------------------
362   |Info:    |                Detection completed                 |
362   |Info:    ------------------------------------------------------
363   |Info:    [ProfileManager] Profile loading: Succeeded for Sapphire Radeon RX 570/580/590 Nitro+ @ I2C: /dev/i2c-0, address 0x55
363   |Info:    [ProfileManager] Profile loading: Succeeded for B550M DS3H @ HID: /dev/hidraw5
363   |Info:    [ProfileManager] Profile loading: Succeeded for Gaming Keyboard @ HID: /dev/hidraw2
