    OpenRGB v0.9+ (1.0rc2)
    Commit:  from 
    Launched: 20260323_224728
====================================================================================================

2     |Info:    [ProfileManager] Found file: Black.orp attempting to validate header
3     |Info:    [ProfileManager] Valid v5 profile found for Black
3     |Info:    [ProfileManager] Found file: Blue.orp attempting to validate header
4     |Info:    [ProfileManager] Valid v5 profile found for Blue
78    |Info:    [ResourceManager] Initializing HID interfaces: Success
78    |Info:    ------------------------------------------------------
78    |Info:    |               Start device detection               |
78    |Info:    ------------------------------------------------------
90    |Info:    ------------------------------------------------------
90    |Info:    |             Detecting I2C interfaces               |
90    |Info:    ------------------------------------------------------
90    |Info:    [ResourceManager] Registering I2C interface: /dev/i2c-3 Device 1002:67DF Subsystem: 1DA2:E366
90    |Info:    [ResourceManager] Registering I2C interface: /dev/i2c-1 Device 1002:67DF Subsystem: 1DA2:E366
90    |Warning: [i2c_smbus_linux] Failed to read i2c device PCI device ID
90    |Info:    [ResourceManager] Registering I2C interface: /dev/i2c-6 Device 0000:0000 Subsystem: 0000:0000
90    |Info:    [ResourceManager] Registering I2C interface: /dev/i2c-4 Device 1002:67DF Subsystem: 1DA2:E366
90    |Info:    [ResourceManager] Registering I2C interface: /dev/i2c-2 Device 1002:67DF Subsystem: 1DA2:E366
90    |Info:    [ResourceManager] Registering I2C interface: /dev/i2c-0 Device 1002:67DF Subsystem: 1DA2:E366
90    |Warning: [i2c_smbus_linux] Failed to read i2c device PCI device ID
90    |Info:    [ResourceManager] Registering I2C interface: /dev/i2c-7 Device 0000:0000 Subsystem: 0000:0000
90    |Info:    [ResourceManager] Registering I2C interface: /dev/i2c-5 Device 1002:67DF Subsystem: 1DA2:E366
90    |Info:    ------------------------------------------------------
90    |Info:    |               Detecting I2C devices                |
90    |Info:    ------------------------------------------------------
101   |Info:    ------------------------------------------------------
101   |Info:    |            Detecting I2C DIMM modules              |
101   |Info:    ------------------------------------------------------
101   |Info:    ------------------------------------------------------
101   |Info:    |               Detecting I2C PCI devices            |
101   |Info:    ------------------------------------------------------
142   |Info:    [Sapphire Radeon RX 570/580/590 Nitro+] Registering RGB controller
144   |Info:    ------------------------------------------------------
144   |Info:    |               Detecting HID devices                |
144   |Info:    ------------------------------------------------------
286   |Info:    [B550M DS3H] Registering RGB controller
337   |Info:    Detected WinbondGamingKeyboard at /dev/hidraw2, product_string is Gaming Keyboard name is Winbond Gaming Keyboard
340   |Info:    [KLM] Created new Full 104 key ISO QWERTY with 6 rows and 21 columns containing 109 keys
340   |Info:    [Gaming Keyboard] Registering RGB controller
340   |Info:    ------------------------------------------------------
340   |Info:    |            Detecting libusb HID devices            |
340   |Info:    ------------------------------------------------------
4890  |Info:    ------------------------------------------------------
4890  |Info:    |              Detecting other devices               |
4890  |Info:    ------------------------------------------------------
4909  |Info:    [ResourceManager] Calling Post-detection callbacks
4909  |Info:    ------------------------------------------------------
4909  |Info:    |                Detection completed                 |
4909  |Info:    ------------------------------------------------------
4909  |Info:    [ProfileManager] Profile loading: Succeeded for Sapphire Radeon RX 570/580/590 Nitro+ @ I2C: /dev/i2c-0, address 0x55
4909  |Info:    [ProfileManager] Profile loading: Succeeded for B550M DS3H @ HID: /dev/hidraw5
4909  |Info:    [ProfileManager] Profile loading: Succeeded for Gaming Keyboard @ HID: /dev/hidraw2
54177 |Info:    [ProfileManager] Profile loading: Succeeded for Sapphire Radeon RX 570/580/590 Nitro+ @ I2C: /dev/i2c-0, address 0x55
54177 |Info:    [ProfileManager] Profile loading: Succeeded for B550M DS3H @ HID: /dev/hidraw5
54177 |Info:    [ProfileManager] Profile loading: Succeeded for Gaming Keyboard @ HID: /dev/hidraw2
106849|Info:    [ResourceManager] Initializing HID interfaces: Success
106849|Info:    ------------------------------------------------------
106849|Info:    |               Start device detection               |
106849|Info:    ------------------------------------------------------
106861|Info:    ------------------------------------------------------
106861|Info:    |             Detecting I2C interfaces               |
106861|Info:    ------------------------------------------------------
106861|Info:    [ResourceManager] Registering I2C interface: /dev/i2c-3 Device 1002:67DF Subsystem: 1DA2:E366
106861|Info:    [ResourceManager] Registering I2C interface: /dev/i2c-1 Device 1002:67DF Subsystem: 1DA2:E366
106861|Warning: [i2c_smbus_linux] Failed to read i2c device PCI device ID
106861|Info:    [ResourceManager] Registering I2C interface: /dev/i2c-6 Device 0000:0000 Subsystem: 0000:0000
106861|Info:    [ResourceManager] Registering I2C interface: /dev/i2c-4 Device 1002:67DF Subsystem: 1DA2:E366
106861|Info:    [ResourceManager] Registering I2C interface: /dev/i2c-2 Device 1002:67DF Subsystem: 1DA2:E366
106861|Info:    [ResourceManager] Registering I2C interface: /dev/i2c-0 Device 1002:67DF Subsystem: 1DA2:E366
106861|Warning: [i2c_smbus_linux] Failed to read i2c device PCI device ID
106862|Info:    [ResourceManager] Registering I2C interface: /dev/i2c-7 Device 0000:0000 Subsystem: 0000:0000
106862|Info:    [ResourceManager] Registering I2C interface: /dev/i2c-5 Device 1002:67DF Subsystem: 1DA2:E366
106862|Info:    ------------------------------------------------------
106862|Info:    |               Detecting I2C devices                |
106862|Info:    ------------------------------------------------------
106869|Info:    ------------------------------------------------------
106869|Info:    |            Detecting I2C DIMM modules              |
106869|Info:    ------------------------------------------------------
106869|Info:    ------------------------------------------------------
106869|Info:    |               Detecting I2C PCI devices            |
106869|Info:    ------------------------------------------------------
106903|Info:    [Sapphire Radeon RX 570/580/590 Nitro+] Registering RGB controller
106905|Info:    ------------------------------------------------------
106905|Info:    |               Detecting HID devices                |
106905|Info:    ------------------------------------------------------
107052|Info:    [B550M DS3H] Registering RGB controller
107052|Info:    Detected WinbondGamingKeyboard at /dev/hidraw2, product_string is Gaming Keyboard name is Winbond Gaming Keyboard
108555|Info:    [KLM] Created new Full 104 key ISO QWERTY with 6 rows and 21 columns containing 109 keys
108555|Info:    [Gaming Keyboard] Registering RGB controller
108555|Info:    ------------------------------------------------------
108555|Info:    |            Detecting libusb HID devices            |
108555|Info:    ------------------------------------------------------
108580|Info:    ------------------------------------------------------
108580|Info:    |              Detecting other devices               |
108580|Info:    ------------------------------------------------------
108588|Info:    [ResourceManager] Calling Post-detection callbacks
108588|Info:    ------------------------------------------------------
108588|Info:    |                Detection completed                 |
108588|Info:    ------------------------------------------------------
109572|Info:    [ProfileManager] Profile loading: Succeeded for Sapphire Radeon RX 570/580/590 Nitro+ @ I2C: /dev/i2c-0, address 0x55
109572|Info:    [ProfileManager] Profile loading: Succeeded for B550M DS3H @ HID: /dev/hidraw5
109572|Info:    [ProfileManager] Profile loading: FAILED! for Gaming Keyboard @ HID: /dev/hidraw2
111788|Info:    [ProfileManager] Profile loading: Succeeded for Sapphire Radeon RX 570/580/590 Nitro+ @ I2C: /dev/i2c-0, address 0x55
111788|Info:    [ProfileManager] Profile loading: Succeeded for B550M DS3H @ HID: /dev/hidraw5
111788|Info:    [ProfileManager] Profile loading: FAILED! for Gaming Keyboard @ HID: /dev/hidraw2
113994|Info:    [ProfileManager] Profile loading: Succeeded for Sapphire Radeon RX 570/580/590 Nitro+ @ I2C: /dev/i2c-0, address 0x55
113994|Info:    [ProfileManager] Profile loading: Succeeded for B550M DS3H @ HID: /dev/hidraw5
113994|Info:    [ProfileManager] Profile loading: FAILED! for Gaming Keyboard @ HID: /dev/hidraw2
