    OpenRGB v0.9+ (1.0rc2)
    Commit:  from 
    Launched: 20260324_170433
====================================================================================================

2     |Info:    [ProfileManager] Found file: Blue.orp attempting to validate header
2     |Info:    [ProfileManager] Valid v5 profile found for Blue
2     |Info:    [ProfileManager] Found file: Black.orp attempting to validate header
3     |Info:    [ProfileManager] Valid v5 profile found for Black
56    |Info:    [ResourceManager] Initializing HID interfaces: Success
56    |Info:    ------------------------------------------------------
56    |Info:    |               Start device detection               |
56    |Info:    ------------------------------------------------------
70    |Info:    ------------------------------------------------------
70    |Info:    |             Detecting I2C interfaces               |
70    |Info:    ------------------------------------------------------
70    |Info:    [ResourceManager] Registering I2C interface: /dev/i2c-3 Device 1002:67DF Subsystem: 1DA2:E366
70    |Info:    [ResourceManager] Registering I2C interface: /dev/i2c-1 Device 1002:67DF Subsystem: 1DA2:E366
70    |Warning: [i2c_smbus_linux] Failed to read i2c device PCI device ID
70    |Info:    [ResourceManager] Registering I2C interface: /dev/i2c-6 Device 0000:0000 Subsystem: 0000:0000
70    |Info:    [ResourceManager] Registering I2C interface: /dev/i2c-4 Device 1002:67DF Subsystem: 1DA2:E366
70    |Info:    [ResourceManager] Registering I2C interface: /dev/i2c-2 Device 1002:67DF Subsystem: 1DA2:E366
70    |Info:    [ResourceManager] Registering I2C interface: /dev/i2c-0 Device 1002:67DF Subsystem: 1DA2:E366
70    |Warning: [i2c_smbus_linux] Failed to read i2c device PCI device ID
71    |Info:    [ResourceManager] Registering I2C interface: /dev/i2c-7 Device 0000:0000 Subsystem: 0000:0000
71    |Info:    [ResourceManager] Registering I2C interface: /dev/i2c-5 Device 1002:67DF Subsystem: 1DA2:E366
71    |Info:    ------------------------------------------------------
71    |Info:    |               Detecting I2C devices                |
71    |Info:    ------------------------------------------------------
78    |Info:    ------------------------------------------------------
78    |Info:    |            Detecting I2C DIMM modules              |
78    |Info:    ------------------------------------------------------
78    |Info:    ------------------------------------------------------
78    |Info:    |               Detecting I2C PCI devices            |
78    |Info:    ------------------------------------------------------
113   |Info:    [Sapphire Radeon RX 570/580/590 Nitro+] Registering RGB controller
115   |Info:    ------------------------------------------------------
115   |Info:    |               Detecting HID devices                |
115   |Info:    ------------------------------------------------------
261   |Info:    [B550M DS3H] Registering RGB controller
311   |Info:    Detected WinbondGamingKeyboard at /dev/hidraw2, product_string is Gaming Keyboard name is Winbond Gaming Keyboard
314   |Info:    [KLM] Created new Full 104 key ISO QWERTY with 6 rows and 21 columns containing 109 keys
314   |Info:    [Gaming Keyboard] Registering RGB controller
314   |Info:    ------------------------------------------------------
314   |Info:    |            Detecting libusb HID devices            |
314   |Info:    ------------------------------------------------------
351   |Info:    ------------------------------------------------------
351   |Info:    |              Detecting other devices               |
351   |Info:    ------------------------------------------------------
365   |Info:    [ResourceManager] Calling Post-detection callbacks
365   |Info:    ------------------------------------------------------
365   |Info:    |                Detection completed                 |
365   |Info:    ------------------------------------------------------
365   |Info:    [ProfileManager] Profile loading: Succeeded for Sapphire Radeon RX 570/580/590 Nitro+ @ I2C: /dev/i2c-0, address 0x55
365   |Info:    [ProfileManager] Profile loading: Succeeded for B550M DS3H @ HID: /dev/hidraw5
365   |Info:    [ProfileManager] Profile loading: Succeeded for Gaming Keyboard @ HID: /dev/hidraw2
