    OpenRGB v0.9+ (1.0rc2)
    Commit:  from 
    Launched: 20260324_172400
====================================================================================================

2     |Info:    [ProfileManager] Found file: Blue.orp attempting to validate header
4     |Info:    [ProfileManager] Valid v5 profile found for Blue
4     |Info:    [ProfileManager] Found file: Black.orp attempting to validate header
4     |Info:    [ProfileManager] Valid v5 profile found for Black
82    |Info:    [ResourceManager] Initializing HID interfaces: Success
82    |Info:    ------------------------------------------------------
82    |Info:    |               Start device detection               |
82    |Info:    ------------------------------------------------------
97    |Info:    ------------------------------------------------------
97    |Info:    |             Detecting I2C interfaces               |
97    |Info:    ------------------------------------------------------
97    |Info:    [ResourceManager] Registering I2C interface: /dev/i2c-3 Device 1002:67DF Subsystem: 1DA2:E366
97    |Info:    [ResourceManager] Registering I2C interface: /dev/i2c-1 Device 1002:67DF Subsystem: 1DA2:E366
97    |Warning: [i2c_smbus_linux] Failed to read i2c device PCI device ID
97    |Info:    [ResourceManager] Registering I2C interface: /dev/i2c-6 Device 0000:0000 Subsystem: 0000:0000
97    |Info:    [ResourceManager] Registering I2C interface: /dev/i2c-4 Device 1002:67DF Subsystem: 1DA2:E366
97    |Info:    [ResourceManager] Registering I2C interface: /dev/i2c-2 Device 1002:67DF Subsystem: 1DA2:E366
98    |Info:    [ResourceManager] Registering I2C interface: /dev/i2c-0 Device 1002:67DF Subsystem: 1DA2:E366
98    |Warning: [i2c_smbus_linux] Failed to read i2c device PCI device ID
98    |Info:    [ResourceManager] Registering I2C interface: /dev/i2c-7 Device 0000:0000 Subsystem: 0000:0000
98    |Info:    [ResourceManager] Registering I2C interface: /dev/i2c-5 Device 1002:67DF Subsystem: 1DA2:E366
98    |Info:    ------------------------------------------------------
98    |Info:    |               Detecting I2C devices                |
98    |Info:    ------------------------------------------------------
107   |Info:    ------------------------------------------------------
107   |Info:    |            Detecting I2C DIMM modules              |
107   |Info:    ------------------------------------------------------
107   |Info:    ------------------------------------------------------
107   |Info:    |               Detecting I2C PCI devices            |
107   |Info:    ------------------------------------------------------
143   |Info:    [Sapphire Radeon RX 570/580/590 Nitro+] Registering RGB controller
144   |Info:    ------------------------------------------------------
144   |Info:    |               Detecting HID devices                |
144   |Info:    ------------------------------------------------------
291   |Info:    [B550M DS3H] Registering RGB controller
341   |Info:    Detected WinbondGamingKeyboard at /dev/hidraw2, product_string is Gaming Keyboard name is Winbond Gaming Keyboard
344   |Info:    [KLM] Created new Full 104 key ISO QWERTY with 6 rows and 21 columns containing 109 keys
344   |Info:    [Gaming Keyboard] Registering RGB controller
344   |Info:    ------------------------------------------------------
344   |Info:    |            Detecting libusb HID devices            |
344   |Info:    ------------------------------------------------------
379   |Info:    ------------------------------------------------------
379   |Info:    |              Detecting other devices               |
379   |Info:    ------------------------------------------------------
396   |Info:    [ResourceManager] Calling Post-detection callbacks
396   |Info:    ------------------------------------------------------
396   |Info:    |                Detection completed                 |
396   |Info:    ------------------------------------------------------
396   |Info:    [NetworkServer] Network connection thread started on port 6742
