    OpenRGB v0.9+ (1.0rc2)
    Commit:  from 
    Launched: 20260323_224127
====================================================================================================

2     |Info:    [ProfileManager] Found file: Black.orp attempting to validate header
3     |Info:    [ProfileManager] Valid v5 profile found for Black
3     |Info:    [ProfileManager] Found file: Blue.orp attempting to validate header
4     |Info:    [ProfileManager] Valid v5 profile found for Blue
76    |Info:    [ResourceManager] Initializing HID interfaces: Success
76    |Info:    ------------------------------------------------------
76    |Info:    |               Start device detection               |
76    |Info:    ------------------------------------------------------
89    |Info:    ------------------------------------------------------
89    |Info:    |             Detecting I2C interfaces               |
89    |Info:    ------------------------------------------------------
89    |Info:    [ResourceManager] Registering I2C interface: /dev/i2c-3 Device 1002:67DF Subsystem: 1DA2:E366
89    |Info:    [ResourceManager] Registering I2C interface: /dev/i2c-1 Device 1002:67DF Subsystem: 1DA2:E366
89    |Warning: [i2c_smbus_linux] Failed to read i2c device PCI device ID
89    |Info:    [ResourceManager] Registering I2C interface: /dev/i2c-6 Device 0000:0000 Subsystem: 0000:0000
89    |Info:    [ResourceManager] Registering I2C interface: /dev/i2c-4 Device 1002:67DF Subsystem: 1DA2:E366
89    |Info:    [ResourceManager] Registering I2C interface: /dev/i2c-2 Device 1002:67DF Subsystem: 1DA2:E366
89    |Info:    [ResourceManager] Registering I2C interface: /dev/i2c-0 Device 1002:67DF Subsystem: 1DA2:E366
89    |Warning: [i2c_smbus_linux] Failed to read i2c device PCI device ID
89    |Info:    [ResourceManager] Registering I2C interface: /dev/i2c-7 Device 0000:0000 Subsystem: 0000:0000
90    |Info:    [ResourceManager] Registering I2C interface: /dev/i2c-5 Device 1002:67DF Subsystem: 1DA2:E366
90    |Info:    ------------------------------------------------------
90    |Info:    |               Detecting I2C devices                |
90    |Info:    ------------------------------------------------------
100   |Info:    ------------------------------------------------------
100   |Info:    |            Detecting I2C DIMM modules              |
100   |Info:    ------------------------------------------------------
100   |Info:    ------------------------------------------------------
100   |Info:    |               Detecting I2C PCI devices            |
100   |Info:    ------------------------------------------------------
187   |Info:    [Sapphire Radeon RX 570/580/590 Nitro+] Registering RGB controller
213   |Info:    [Sapphire Radeon RX 570/580/590 Nitro+] Registering RGB controller
215   |Info:    ------------------------------------------------------
215   |Info:    |               Detecting HID devices      307   |Info:    [B550M DS3H] Registering RGB controller
358   |Info:    Detected WinbondGamingKeyboard at /dev/hidraw2, product_string is G358   |Info:    Detected WinbondGamingKeyboard 361   |Info:    [KLM] Created new Full 104 key ISO QWERTY with 6 rows and 21 columns containing 109 keys
361   |Info:    [Gaming Keyboard] Registering RGB controller
361   |Info:    ------------------------------------------------------
361   |Info:    |            Detecting libusb HID devices            |
361   |Info:    ------------------------------------------------------
4778  |Info:    ------------------------------------------------------
4778  |Info:    |              Detecting other devices               |
4778  |Info:    ------------------------------------------------------
4794  |Info:    [ResourceManager] Calling Post-detection callbacks
4794  |Info:    ------------------------------------------------------
4794  |Info:    |                Detection completed                 |
4794  |Info:    ------------------------------------------------------
          |
4792  |Info:    ------------------------------------------------------
10286 |Info:    [ProfileManager] Found file: Black.orp attempting to validate header
10286 |Info:    [ProfileManager] Valid v5 profile found for Black
10286 |Info:    [ProfileManager] Found file: Blue.orp attempting to validate header
10286 |Info:    [ProfileManager] Valid v5 profile found for Blue
