    OpenRGB v0.9+ (1.0rc2)
    Commit:  from 
    Launched: 20260325_162608
====================================================================================================

2     |Info:    [ProfileManager] Found file: Blue.orp attempting to validate header
3     |Info:    [ProfileManager] Valid v5 profile found for Blue
3     |Info:    [ProfileManager] Found file: Black.orp attempting to validate header
4     |Info:    [ProfileManager] Valid v5 profile found for Black
83    |Info:    [ResourceManager] Initializing HID interfaces: Success
83    |Info:    ------------------------------------------------------
83    |Info:    |               Start device detection               |
83    |Info:    ------------------------------------------------------
95    |Info:    ------------------------------------------------------
95    |Info:    |             Detecting I2C interfaces               |
95    |Info:    ------------------------------------------------------
95    |Info:    [ResourceManager] Registering I2C interface: /dev/i2c-3 Device 1002:67DF Subsystem: 1DA2:E366
95    |Info:    [ResourceManager] Registering I2C interface: /dev/i2c-1 Device 1002:67DF Subsystem: 1DA2:E366
96    |Warning: [i2c_smbus_linux] Failed to read i2c device PCI device ID
96    |Info:    [ResourceManager] Registering I2C interface: /dev/i2c-6 Device 0000:0000 Subsystem: 0000:0000
96    |Info:    [ResourceManager] Registering I2C interface: /dev/i2c-4 Device 1002:67DF Subsystem: 1DA2:E366
96    |Info:    [ResourceManager] Registering I2C interface: /dev/i2c-2 Device 1002:67DF Subsystem: 1DA2:E366
96    |Info:    [ResourceManager] Registering I2C interface: /dev/i2c-0 Device 1002:67DF Subsystem: 1DA2:E366
96    |Warning: [i2c_smbus_linux] Failed to read i2c device PCI device ID
96    |Info:    [ResourceManager] Registering I2C interface: /dev/i2c-7 Device 0000:0000 Subsystem: 0000:0000
96    |Info:    [ResourceManager] Registering I2C interface: /dev/i2c-5 Device 1002:67DF Subsystem: 1DA2:E366
96    |Info:    ------------------------------------------------------
96    |Info:    |               Detecting I2C devices                |
96    |Info:    ------------------------------------------------------
106   |Info:    ------------------------------------------------------
106   |Info:    |            Detecting I2C DIMM modules              |
106   |Info:    ------------------------------------------------------
106   |Info:    ------------------------------------------------------
106   |Info:    |               Detecting I2C PCI devices            |
106   |Info:    ------------------------------------------------------
143   |Info:    [Sapphire Radeon RX 570/580/590 Nitro+] Registering RGB controller
143   |Info:    ------------------------------------------------------
143   |Info:    |               Detecting HID devices                |
143   |Info:    ------------------------------------------------------
291   |Info:    [B550M DS3H] Registering RGB controller
341   |Info:    Detected WinbondGamingKeyboard at /dev/hidraw2, product_string is Gaming Keyboard name is Winbond Gaming Keyboard
344   |Info:    [KLM] Created new Full 104 key ISO QWERTY with 6 rows and 21 columns containing 109 keys
344   |Info:    [Gaming Keyboard] Registering RGB controller
344   |Info:    ------------------------------------------------------
344   |Info:    |            Detecting libusb HID devices            |
344   |Info:    ------------------------------------------------------
382   |Info:    ------------------------------------------------------
382   |Info:    |              Detecting other devices               |
382   |Info:    ------------------------------------------------------
400   |Info:    [ResourceManager] Calling Post-detection callbacks
400   |Info:    ------------------------------------------------------
400   |Info:    |                Detection completed                 |
400   |Info:    ------------------------------------------------------
400   |Info:    [NetworkServer] Network connection thread started on port 6742
